#
# There is insufficient memory for the Java Runtime Environment to continue.
# Native memory allocation (malloc) failed to allocate 229216 bytes for Chunk::new
# Possible reasons:
#   The system is out of physical RAM or swap space
#   The process is running with CompressedOops enabled, and the Java Heap may be blocking the growth of the native heap
# Possible solutions:
#   Reduce memory load on the system
#   Increase physical memory or swap space
#   Check if swap backing store is full
#   Decrease Java heap size (-Xmx/-Xms)
#   Decrease number of Java threads
#   Decrease Java thread stack sizes (-Xss)
#   Set larger code cache with -XX:ReservedCodeCacheSize=
#   JVM is running with Unscaled Compressed Oops mode in which the Java heap is
#     placed in the first 4GB address space. The Java Heap base address is the
#     maximum limit for the native heap growth. Please use -XX:HeapBaseMinAddress
#     to set the Java Heap base and to place the Java Heap above 4GB virtual address.
# This output file may be truncated or incomplete.
#
#  Out of Memory Error (allocation.cpp:389), pid=22888, tid=0x0000000000004cdc
#
# JRE version: OpenJDK Runtime Environment (8.0_242-b01) (build 1.8.0_242-release-1644-b01)
# Java VM: OpenJDK 64-Bit Server VM (25.242-b01 mixed mode windows-amd64 compressed oops)
# Failed to write core dump. Minidumps are not enabled by default on client versions of Windows
#

---------------  T H R E A D  ---------------

Current thread (0x00000000179ed000):  JavaThread "C2 CompilerThread2" daemon [_thread_in_native, id=19676, stack(0x00000000184b0000,0x00000000185b0000)]

Stack: [0x00000000184b0000,0x00000000185b0000]
[error occurred during error reporting (printing stack bounds), id 0xc0000005]

Native frames: (J=compiled Java code, j=interpreted, Vv=VM code, C=native code)


Current CompileTask:
C2:  14786 2759   !   4       sun.misc.Resource::getBytes (242 bytes)


---------------  P R O C E S S  ---------------

Java Threads: ( => current thread )
  0x000000001fb16000 JavaThread "Cache worker for file content cache (C:\Users\User\.gradle\caches\6.5\fileContent)" [_thread_blocked, id=23352, stack(0x0000000020d00000,0x0000000020e00000)]
  0x00000000179ef800 JavaThread "jar transforms" [_thread_blocked, id=16492, stack(0x0000000020c00000,0x0000000020d00000)]
  0x00000000179f4000 JavaThread "Cache worker for execution history cache (C:\Users\User\.gradle\caches\6.5\executionHistory)" [_thread_blocked, id=22436, stack(0x0000000020500000,0x0000000020600000)]
  0x00000000179f3000 JavaThread "Cache worker for cache directory md-rule (C:\Users\User\.gradle\caches\6.5\md-rule)" [_thread_blocked, id=12312, stack(0x0000000020400000,0x0000000020500000)]
  0x00000000179f2800 JavaThread "Cache worker for cache directory md-supplier (C:\Users\User\.gradle\caches\6.5\md-supplier)" [_thread_blocked, id=14988, stack(0x000000001f0b0000,0x000000001f1b0000)]
  0x00000000179ee800 JavaThread "Cache worker for checksums cache (D:\NguyenNhutTan\do_an\vocabulary_app\.gradle\checksums)" [_thread_blocked, id=11336, stack(0x000000001efb0000,0x000000001f0b0000)]
  0x00000000179ee000 JavaThread "Cache worker for file hash cache (D:\NguyenNhutTan\do_an\vocabulary_app\.gradle\6.5\fileHashes)" [_thread_blocked, id=21068, stack(0x000000001cad0000,0x000000001cbd0000)]
  0x00000000179f1800 JavaThread "Cache worker for file hash cache (C:\Users\User\.gradle\caches\6.5\fileHashes)" [_thread_blocked, id=17732, stack(0x000000001c9d0000,0x000000001cad0000)]
  0x00000000179f1000 JavaThread "File lock request listener" [_thread_in_native, id=3800, stack(0x000000001c8d0000,0x000000001c9d0000)]
  0x000000001a467800 JavaThread "Cache worker for journal cache (C:\Users\User\.gradle\caches\journal-1)" [_thread_blocked, id=19052, stack(0x000000001c7d0000,0x000000001c8d0000)]
  0x000000001a4d6800 JavaThread "Thread-9" [_thread_blocked, id=16680, stack(0x000000001c4d0000,0x000000001c5d0000)]
  0x000000001a46e800 JavaThread "Stdin handler" [_thread_blocked, id=8068, stack(0x000000001c3d0000,0x000000001c4d0000)]
  0x000000001a46e000 JavaThread "Asynchronous log dispatcher for DefaultDaemonConnection: socket connection from /127.0.0.1:59499 to /127.0.0.1:59500" [_thread_blocked, id=20452, stack(0x000000001c2d0000,0x000000001c3d0000)]
  0x000000001a469000 JavaThread "Daemon worker" [_thread_in_native, id=20936, stack(0x000000001c1d0000,0x000000001c2d0000)]
  0x000000001a3e3800 JavaThread "Cancel handler" [_thread_blocked, id=16572, stack(0x000000001bfd0000,0x000000001c0d0000)]
  0x000000001a3de800 JavaThread "Handler for socket connection from /127.0.0.1:59499 to /127.0.0.1:59500" [_thread_in_native, id=1404, stack(0x000000001bcd0000,0x000000001bdd0000)]
  0x000000001a3d4800 JavaThread "Daemon" [_thread_blocked, id=12836, stack(0x000000001bbd0000,0x000000001bcd0000)]
  0x000000001a36f800 JavaThread "Daemon periodic checks" [_thread_blocked, id=12844, stack(0x000000001bad0000,0x000000001bbd0000)]
  0x000000001a37b000 JavaThread "Incoming local TCP Connector on port 59499" [_thread_in_native, id=21044, stack(0x000000001b890000,0x000000001b990000)]
  0x000000001a335800 JavaThread "Daemon health stats" [_thread_blocked, id=11936, stack(0x000000001b250000,0x000000001b350000)]
  0x0000000017a8d800 JavaThread "Service Thread" daemon [_thread_blocked, id=932, stack(0x00000000186b0000,0x00000000187b0000)]
  0x00000000179f0000 JavaThread "C1 CompilerThread3" daemon [_thread_blocked, id=2216, stack(0x00000000185b0000,0x00000000186b0000)]
=>0x00000000179ed000 JavaThread "C2 CompilerThread2" daemon [_thread_in_native, id=19676, stack(0x00000000184b0000,0x00000000185b0000)]
  0x00000000179e9000 JavaThread "C2 CompilerThread1" daemon [_thread_blocked, id=10344, stack(0x00000000183b0000,0x00000000184b0000)]
  0x00000000179e2000 JavaThread "C2 CompilerThread0" daemon [_thread_in_native, id=15384, stack(0x00000000182b0000,0x00000000183b0000)]
  0x00000000179e1000 JavaThread "Attach Listener" daemon [_thread_blocked, id=19512, stack(0x00000000181b0000,0x00000000182b0000)]
  0x00000000179e0000 JavaThread "Signal Dispatcher" daemon [_thread_blocked, id=16140, stack(0x00000000180b0000,0x00000000181b0000)]
  0x00000000179d1000 JavaThread "Finalizer" daemon [_thread_blocked, id=7376, stack(0x0000000017eb0000,0x0000000017fb0000)]
  0x0000000015bdc800 JavaThread "Reference Handler" daemon [_thread_blocked, id=7604, stack(0x0000000017db0000,0x0000000017eb0000)]
  0x0000000002fa2800 JavaThread "main" [_thread_blocked, id=19708, stack(0x0000000002ea0000,0x0000000002fa0000)]

Other Threads:
  0x0000000015bd8000 VMThread [stack: 0x00000000178b0000,0x00000000179b0000] [id=18640]
  0x0000000017a40000 WatcherThread [stack: 0x00000000187b0000,0x00000000188b0000] [id=5736]

VM state:not at safepoint (normal execution)

VM Mutex/Monitor currently owned by a thread: None

heap address: 0x00000000c0000000, size: 1024 MB, Compressed Oops mode: 32-bit
Narrow klass base: 0x0000000000000000, Narrow klass shift: 3
Compressed class space size: 1073741824 Address: 0x0000000100000000

Heap:
 PSYoungGen      total 108544K, used 5489K [0x00000000eab00000, 0x00000000f2200000, 0x0000000100000000)
  eden space 96256K, 5% used [0x00000000eab00000,0x00000000eb05c770,0x00000000f0900000)
  from space 12288K, 0% used [0x00000000f0a00000,0x00000000f0a00000,0x00000000f1600000)
  to   space 9728K, 0% used [0x00000000f1880000,0x00000000f1880000,0x00000000f2200000)
 ParOldGen       total 61952K, used 14259K [0x00000000c0000000, 0x00000000c3c80000, 0x00000000eab00000)
  object space 61952K, 23% used [0x00000000c0000000,0x00000000c0decee0,0x00000000c3c80000)
 Metaspace       used 34432K, capacity 35600K, committed 35752K, reserved 1079296K
  class space    used 4739K, capacity 5005K, committed 5040K, reserved 1048576K

Card table byte_map: [0x0000000012460000,0x0000000012670000] byte_map_base: 0x0000000011e60000

Marking Bits: (ParMarkBitMap*) 0x0000000067f0f030
 Begin Bits: [0x0000000012fd0000, 0x0000000013fd0000)
 End Bits:   [0x0000000013fd0000, 0x0000000014fd0000)

Polling page: 0x0000000001220000

CodeCache: size=245760Kb used=10484Kb max_used=10600Kb free=235275Kb
 bounds [0x00000000030a0000, 0x0000000003b10000, 0x00000000120a0000]
 total_blobs=3384 nmethods=2696 adapters=601
 compilation: enabled

Compilation events (10 events):
Event: 14.229 Thread 0x00000000179e9000 2755       4       sun.security.provider.MD5::HH (29 bytes)
Event: 14.229 Thread 0x00000000179ed000 nmethod 2754 0x00000000031bb410 code [0x00000000031bb540, 0x00000000031bb5b8]
Event: 14.229 Thread 0x00000000179e2000 nmethod 2753 0x000000000320cfd0 code [0x000000000320d100, 0x000000000320d178]
Event: 14.229 Thread 0x00000000179ed000 2756       4       sun.security.provider.MD5::II (31 bytes)
Event: 14.229 Thread 0x00000000179e9000 nmethod 2755 0x000000000321a3d0 code [0x000000000321a500, 0x000000000321a578]
Event: 14.229 Thread 0x00000000179ed000 nmethod 2756 0x00000000032672d0 code [0x0000000003267400, 0x0000000003267478]
Event: 14.251 Thread 0x00000000179e2000 2757   !   4       java.security.SecureClassLoader::getProtectionDomain (114 bytes)
Event: 14.256 Thread 0x00000000179e9000 2758       4       java.security.CodeSource::<init> (40 bytes)
Event: 14.257 Thread 0x00000000179ed000 2759   !   4       sun.misc.Resource::getBytes (242 bytes)
Event: 14.257 Thread 0x00000000179e9000 nmethod 2758 0x0000000003267090 code [0x00000000032671c0, 0x0000000003267258]

GC Heap History (10 events):
Event: 3.082 GC heap before
{Heap before GC invocations=7 (full 1):
 PSYoungGen      total 76288K, used 8504K [0x00000000eab00000, 0x00000000f0100000, 0x0000000100000000)
  eden space 66048K, 0% used [0x00000000eab00000,0x00000000eab00000,0x00000000eeb80000)
  from space 10240K, 83% used [0x00000000ef600000,0x00000000efe4e388,0x00000000f0000000)
  to   space 10752K, 0% used [0x00000000eeb80000,0x00000000eeb80000,0x00000000ef600000)
 ParOldGen       total 87552K, used 6903K [0x00000000c0000000, 0x00000000c5580000, 0x00000000eab00000)
  object space 87552K, 7% used [0x00000000c0000000,0x00000000c06bdec8,0x00000000c5580000)
 Metaspace       used 20544K, capacity 21208K, committed 21296K, reserved 1067008K
  class space    used 2871K, capacity 3076K, committed 3120K, reserved 1048576K
Event: 3.125 GC heap after
Heap after GC invocations=7 (full 1):
 PSYoungGen      total 76288K, used 0K [0x00000000eab00000, 0x00000000f0100000, 0x0000000100000000)
  eden space 66048K, 0% used [0x00000000eab00000,0x00000000eab00000,0x00000000eeb80000)
  from space 10240K, 0% used [0x00000000ef600000,0x00000000ef600000,0x00000000f0000000)
  to   space 10752K, 0% used [0x00000000eeb80000,0x00000000eeb80000,0x00000000ef600000)
 ParOldGen       total 61952K, used 9080K [0x00000000c0000000, 0x00000000c3c80000, 0x00000000eab00000)
  object space 61952K, 14% used [0x00000000c0000000,0x00000000c08de1b0,0x00000000c3c80000)
 Metaspace       used 20544K, capacity 21208K, committed 21296K, reserved 1067008K
  class space    used 2871K, capacity 3076K, committed 3120K, reserved 1048576K
}
Event: 4.942 GC heap before
{Heap before GC invocations=8 (full 1):
 PSYoungGen      total 76288K, used 66048K [0x00000000eab00000, 0x00000000f0100000, 0x0000000100000000)
  eden space 66048K, 100% used [0x00000000eab00000,0x00000000eeb80000,0x00000000eeb80000)
  from space 10240K, 0% used [0x00000000ef600000,0x00000000ef600000,0x00000000f0000000)
  to   space 10752K, 0% used [0x00000000eeb80000,0x00000000eeb80000,0x00000000ef600000)
 ParOldGen       total 61952K, used 9080K [0x00000000c0000000, 0x00000000c3c80000, 0x00000000eab00000)
  object space 61952K, 14% used [0x00000000c0000000,0x00000000c08de1b0,0x00000000c3c80000)
 Metaspace       used 28918K, capacity 29780K, committed 29872K, reserved 1075200K
  class space    used 4005K, capacity 4261K, committed 4272K, reserved 1048576K
Event: 4.957 GC heap after
Heap after GC invocations=8 (full 1):
 PSYoungGen      total 76800K, used 8735K [0x00000000eab00000, 0x00000000f2400000, 0x0000000100000000)
  eden space 66048K, 0% used [0x00000000eab00000,0x00000000eab00000,0x00000000eeb80000)
  from space 10752K, 81% used [0x00000000eeb80000,0x00000000ef407c90,0x00000000ef600000)
  to   space 11776K, 0% used [0x00000000f1880000,0x00000000f1880000,0x00000000f2400000)
 ParOldGen       total 61952K, used 9088K [0x00000000c0000000, 0x00000000c3c80000, 0x00000000eab00000)
  object space 61952K, 14% used [0x00000000c0000000,0x00000000c08e01b0,0x00000000c3c80000)
 Metaspace       used 28918K, capacity 29780K, committed 29872K, reserved 1075200K
  class space    used 4005K, capacity 4261K, committed 4272K, reserved 1048576K
}
Event: 10.621 GC heap before
{Heap before GC invocations=9 (full 1):
 PSYoungGen      total 76800K, used 74783K [0x00000000eab00000, 0x00000000f2400000, 0x0000000100000000)
  eden space 66048K, 100% used [0x00000000eab00000,0x00000000eeb80000,0x00000000eeb80000)
  from space 10752K, 81% used [0x00000000eeb80000,0x00000000ef407c90,0x00000000ef600000)
  to   space 11776K, 0% used [0x00000000f1880000,0x00000000f1880000,0x00000000f2400000)
 ParOldGen       total 61952K, used 9088K [0x00000000c0000000, 0x00000000c3c80000, 0x00000000eab00000)
  object space 61952K, 14% used [0x00000000c0000000,0x00000000c08e01b0,0x00000000c3c80000)
 Metaspace       used 33091K, capacity 34228K, committed 34608K, reserved 1079296K
  class space    used 4523K, capacity 4791K, committed 4912K, reserved 1048576K
Event: 10.637 GC heap after
Heap after GC invocations=9 (full 1):
 PSYoungGen      total 105984K, used 9342K [0x00000000eab00000, 0x00000000f2200000, 0x0000000100000000)
  eden space 96256K, 0% used [0x00000000eab00000,0x00000000eab00000,0x00000000f0900000)
  from space 9728K, 96% used [0x00000000f1880000,0x00000000f219f868,0x00000000f2200000)
  to   space 12288K, 0% used [0x00000000f0a00000,0x00000000f0a00000,0x00000000f1600000)
 ParOldGen       total 61952K, used 9096K [0x00000000c0000000, 0x00000000c3c80000, 0x00000000eab00000)
  object space 61952K, 14% used [0x00000000c0000000,0x00000000c08e21b0,0x00000000c3c80000)
 Metaspace       used 33091K, capacity 34228K, committed 34608K, reserved 1079296K
  class space    used 4523K, capacity 4791K, committed 4912K, reserved 1048576K
}
Event: 13.820 GC heap before
{Heap before GC invocations=10 (full 1):
 PSYoungGen      total 105984K, used 34297K [0x00000000eab00000, 0x00000000f2200000, 0x0000000100000000)
  eden space 96256K, 25% used [0x00000000eab00000,0x00000000ec35ef88,0x00000000f0900000)
  from space 9728K, 96% used [0x00000000f1880000,0x00000000f219f868,0x00000000f2200000)
  to   space 12288K, 0% used [0x00000000f0a00000,0x00000000f0a00000,0x00000000f1600000)
 ParOldGen       total 61952K, used 9096K [0x00000000c0000000, 0x00000000c3c80000, 0x00000000eab00000)
  object space 61952K, 14% used [0x00000000c0000000,0x00000000c08e21b0,0x00000000c3c80000)
 Metaspace       used 34241K, capacity 35396K, committed 35496K, reserved 1079296K
  class space    used 4711K, capacity 5001K, committed 5040K, reserved 1048576K
Event: 14.086 GC heap after
Heap after GC invocations=10 (full 1):
 PSYoungGen      total 108544K, used 7843K [0x00000000eab00000, 0x00000000f2200000, 0x0000000100000000)
  eden space 96256K, 0% used [0x00000000eab00000,0x00000000eab00000,0x00000000f0900000)
  from space 12288K, 63% used [0x00000000f0a00000,0x00000000f11a8c08,0x00000000f1600000)
  to   space 9728K, 0% used [0x00000000f1880000,0x00000000f1880000,0x00000000f2200000)
 ParOldGen       total 61952K, used 9104K [0x00000000c0000000, 0x00000000c3c80000, 0x00000000eab00000)
  object space 61952K, 14% used [0x00000000c0000000,0x00000000c08e41b0,0x00000000c3c80000)
 Metaspace       used 34241K, capacity 35396K, committed 35496K, reserved 1079296K
  class space    used 4711K, capacity 5001K, committed 5040K, reserved 1048576K
}
Event: 14.086 GC heap before
{Heap before GC invocations=11 (full 2):
 PSYoungGen      total 108544K, used 7843K [0x00000000eab00000, 0x00000000f2200000, 0x0000000100000000)
  eden space 96256K, 0% used [0x00000000eab00000,0x00000000eab00000,0x00000000f0900000)
  from space 12288K, 63% used [0x00000000f0a00000,0x00000000f11a8c08,0x00000000f1600000)
  to   space 9728K, 0% used [0x00000000f1880000,0x00000000f1880000,0x00000000f2200000)
 ParOldGen       total 61952K, used 9104K [0x00000000c0000000, 0x00000000c3c80000, 0x00000000eab00000)
  object space 61952K, 14% used [0x00000000c0000000,0x00000000c08e41b0,0x00000000c3c80000)
 Metaspace       used 34241K, capacity 35396K, committed 35496K, reserved 1079296K
  class space    used 4711K, capacity 5001K, committed 5040K, reserved 1048576K
Event: 14.191 GC heap after
Heap after GC invocations=11 (full 2):
 PSYoungGen      total 108544K, used 0K [0x00000000eab00000, 0x00000000f2200000, 0x0000000100000000)
  eden space 96256K, 0% used [0x00000000eab00000,0x00000000eab00000,0x00000000f0900000)
  from space 12288K, 0% used [0x00000000f0a00000,0x00000000f0a00000,0x00000000f1600000)
  to   space 9728K, 0% used [0x00000000f1880000,0x00000000f1880000,0x00000000f2200000)
 ParOldGen       total 61952K, used 14259K [0x00000000c0000000, 0x00000000c3c80000, 0x00000000eab00000)
  object space 61952K, 23% used [0x00000000c0000000,0x00000000c0decee0,0x00000000c3c80000)
 Metaspace       used 34241K, capacity 35396K, committed 35496K, reserved 1079296K
  class space    used 4711K, capacity 5001K, committed 5040K, reserved 1048576K
}

Deoptimization events (10 events):
Event: 9.520 Thread 0x000000001a469000 Uncommon trap: reason=bimorphic action=maybe_recompile pc=0x0000000003a686c8 method=org.codehaus.groovy.runtime.metaclass.MetaMethodIndex.addMethodToList(Ljava/lang/Object;Lgroovy/lang/MetaMethod;)Ljava/lang/Object; @ 130
Event: 9.520 Thread 0x000000001a469000 Uncommon trap: reason=bimorphic action=maybe_recompile pc=0x0000000003a686c8 method=org.codehaus.groovy.runtime.metaclass.MetaMethodIndex.addMethodToList(Ljava/lang/Object;Lgroovy/lang/MetaMethod;)Ljava/lang/Object; @ 130
Event: 9.520 Thread 0x000000001a469000 Uncommon trap: reason=bimorphic action=maybe_recompile pc=0x0000000003a686c8 method=org.codehaus.groovy.runtime.metaclass.MetaMethodIndex.addMethodToList(Ljava/lang/Object;Lgroovy/lang/MetaMethod;)Ljava/lang/Object; @ 130
Event: 9.520 Thread 0x000000001a469000 Uncommon trap: reason=class_check action=maybe_recompile pc=0x0000000003a686e4 method=org.codehaus.groovy.runtime.metaclass.MetaMethodIndex.addMethodToList(Ljava/lang/Object;Lgroovy/lang/MetaMethod;)Ljava/lang/Object; @ 240
Event: 9.520 Thread 0x000000001a469000 Uncommon trap: reason=class_check action=maybe_recompile pc=0x0000000003a686e4 method=org.codehaus.groovy.runtime.metaclass.MetaMethodIndex.addMethodToList(Ljava/lang/Object;Lgroovy/lang/MetaMethod;)Ljava/lang/Object; @ 240
Event: 9.520 Thread 0x000000001a469000 Uncommon trap: reason=class_check action=maybe_recompile pc=0x0000000003a686e4 method=org.codehaus.groovy.runtime.metaclass.MetaMethodIndex.addMethodToList(Ljava/lang/Object;Lgroovy/lang/MetaMethod;)Ljava/lang/Object; @ 240
Event: 9.520 Thread 0x000000001a469000 Uncommon trap: reason=class_check action=maybe_recompile pc=0x0000000003a686e4 method=org.codehaus.groovy.runtime.metaclass.MetaMethodIndex.addMethodToList(Ljava/lang/Object;Lgroovy/lang/MetaMethod;)Ljava/lang/Object; @ 240
Event: 9.789 Thread 0x000000001a469000 Uncommon trap: reason=unstable_if action=reinterpret pc=0x0000000003a6e3b8 method=org.codehaus.groovy.runtime.metaclass.MetaMethodIndex.addMethodToList(Ljava/lang/Object;Lgroovy/lang/MetaMethod;)Ljava/lang/Object; @ 226
Event: 9.850 Thread 0x000000001a469000 Uncommon trap: reason=class_check action=maybe_recompile pc=0x000000000380ad68 method=java.util.WeakHashMap.eq(Ljava/lang/Object;Ljava/lang/Object;)Z @ 7
Event: 10.165 Thread 0x000000001a469000 Uncommon trap: reason=range_check action=make_not_entrant pc=0x0000000003a14744 method=java.lang.String.charAt(I)C @ 27

Classes redefined (0 events):
No events

Internal exceptions (10 events):
Event: 9.845 Thread 0x000000001a469000 Exception <a 'java/lang/ClassNotFoundException': org/gradle/api/internal/DefaultNamedDomainObjectCollectionCustomizer> (0x00000000ee188158) thrown at [C:\src\AOSP-openjdk-git\hotspot\src\share\vm\classfile\systemDictionary.cpp, line 210]
Event: 9.849 Thread 0x000000001a469000 Exception <a 'java/lang/ClassNotFoundException': org/gradle/api/internal/DefaultNamedDomainObjectListCustomizer> (0x00000000ee1fcb98) thrown at [C:\src\AOSP-openjdk-git\hotspot\src\share\vm\classfile\systemDictionary.cpp, line 210]
Event: 9.854 Thread 0x000000001a469000 Exception <a 'java/lang/ClassNotFoundException': org/gradle/api/internal/artifacts/DefaultArtifactRepositoryContainerCustomizer> (0x00000000ee271a08) thrown at [C:\src\AOSP-openjdk-git\hotspot\src\share\vm\classfile\systemDictionary.cpp, line 210]
Event: 9.857 Thread 0x000000001a469000 Exception <a 'java/lang/ClassNotFoundException': org/gradle/api/internal/artifacts/dsl/DefaultRepositoryHandlerCustomizer> (0x00000000ee2d6ce8) thrown at [C:\src\AOSP-openjdk-git\hotspot\src\share\vm\classfile\systemDictionary.cpp, line 210]
Event: 9.864 Thread 0x000000001a469000 Exception <a 'java/lang/ClassNotFoundException': org/gradle/api/internal/artifacts/dsl/DefaultRepositoryHandler_DecoratedCustomizer> (0x00000000ee35a558) thrown at [C:\src\AOSP-openjdk-git\hotspot\src\share\vm\classfile\systemDictionary.cpp, line 210]
Event: 10.898 Thread 0x000000001a469000 Exception <a 'java/lang/ClassNotFoundException': org/gradle/api/internal/artifacts/dsl/dependencies/DefaultDependencyHandler_DecoratedBeanInfo> (0x00000000eb08ac08) thrown at [C:\src\AOSP-openjdk-git\hotspot\src\share\vm\classfile\systemDictionary.cpp, li
Event: 10.899 Thread 0x000000001a469000 Exception <a 'java/lang/ClassNotFoundException': org/gradle/api/internal/artifacts/dsl/dependencies/DefaultDependencyHandlerBeanInfo> (0x00000000eb0e3548) thrown at [C:\src\AOSP-openjdk-git\hotspot\src\share\vm\classfile\systemDictionary.cpp, line 210]
Event: 10.901 Thread 0x000000001a469000 Exception <a 'java/lang/ClassNotFoundException': org/gradle/api/internal/artifacts/dsl/dependencies/DefaultDependencyHandlerCustomizer> (0x00000000eb13d188) thrown at [C:\src\AOSP-openjdk-git\hotspot\src\share\vm\classfile\systemDictionary.cpp, line 210]
Event: 10.905 Thread 0x000000001a469000 Exception <a 'java/lang/ClassNotFoundException': org/gradle/api/internal/artifacts/dsl/dependencies/DefaultDependencyHandler_DecoratedCustomizer> (0x00000000eb1c7e98) thrown at [C:\src\AOSP-openjdk-git\hotspot\src\share\vm\classfile\systemDictionary.cpp, 
Event: 13.384 Thread 0x000000001a469000 Exception <a 'java/lang/NoSuchMethodError': java.lang.Object.lambda$static$0(Lorg/gradle/api/internal/artifacts/configurations/MutationValidator$MutationType;)V> (0x00000000eb8d0310) thrown at [C:\src\AOSP-openjdk-git\hotspot\src\share\vm\interpreter\link

Events (10 events):
Event: 14.261 loading class org/gradle/api/internal/artifacts/ivyservice/resolveengine/ConflictResolverFactory
Event: 14.261 loading class org/gradle/api/internal/artifacts/ivyservice/resolveengine/ConflictResolverFactory done
Event: 14.261 loading class org/gradle/api/internal/artifacts/ivyservice/resolveengine/ModuleConflictResolver
Event: 14.261 loading class org/gradle/api/internal/artifacts/ivyservice/resolveengine/ModuleConflictResolver done
Event: 14.262 loading class org/gradle/api/internal/artifacts/ivyservice/resolveengine/LatestModuleConflictResolver
Event: 14.262 loading class org/gradle/api/internal/artifacts/ivyservice/resolveengine/LatestModuleConflictResolver done
Event: 14.263 loading class org/gradle/api/internal/artifacts/ivyservice/resolveengine/graph/conflicts/DefaultConflictHandler
Event: 14.263 loading class org/gradle/api/internal/artifacts/ivyservice/resolveengine/graph/conflicts/DefaultConflictHandler done
Event: 14.265 loading class org/gradle/api/internal/artifacts/ivyservice/resolveengine/ConflictResolverDetails
Event: 14.265 loading class org/gradle/api/internal/artifacts/ivyservice/resolveengine/ConflictResolverDetails done


Dynamic libraries:
0x00007ff72cb20000 - 0x00007ff72cb51000 	C:\Program Files\Android\Android Studio\jre\bin\java.exe
0x00007ff9cabb0000 - 0x00007ff9cada5000 	C:\WINDOWS\SYSTEM32\ntdll.dll
0x00007ff9ca620000 - 0x00007ff9ca6dd000 	C:\WINDOWS\System32\KERNEL32.DLL
0x00007ff9c8830000 - 0x00007ff9c8af8000 	C:\WINDOWS\System32\KERNELBASE.dll
0x00007ff9c9ec0000 - 0x00007ff9c9f6c000 	C:\WINDOWS\System32\ADVAPI32.dll
0x00007ff9c9da0000 - 0x00007ff9c9e3e000 	C:\WINDOWS\System32\msvcrt.dll
0x00007ff9c8d00000 - 0x00007ff9c8d9b000 	C:\WINDOWS\System32\sechost.dll
0x00007ff9ca410000 - 0x00007ff9ca53b000 	C:\WINDOWS\System32\RPCRT4.dll
0x00007ff9ca0e0000 - 0x00007ff9ca280000 	C:\WINDOWS\System32\USER32.dll
0x00007ff9c83f0000 - 0x00007ff9c8412000 	C:\WINDOWS\System32\win32u.dll
0x00007ff9c8c10000 - 0x00007ff9c8c3a000 	C:\WINDOWS\System32\GDI32.dll
0x00007ff9c8b00000 - 0x00007ff9c8c0b000 	C:\WINDOWS\System32\gdi32full.dll
0x00007ff9c8680000 - 0x00007ff9c871d000 	C:\WINDOWS\System32\msvcp_win.dll
0x00007ff9c82f0000 - 0x00007ff9c83f0000 	C:\WINDOWS\System32\ucrtbase.dll
0x00007ff9b4010000 - 0x00007ff9b42aa000 	C:\WINDOWS\WinSxS\amd64_microsoft.windows.common-controls_6595b64144ccf1df_6.0.19041.844_none_ca00b6081b84eb1d\COMCTL32.dll
0x00007ff9c8c40000 - 0x00007ff9c8c70000 	C:\WINDOWS\System32\IMM32.DLL
0x0000000068480000 - 0x0000000068552000 	C:\Program Files\Android\Android Studio\jre\jre\bin\msvcr100.dll
0x0000000067740000 - 0x0000000067f8b000 	C:\Program Files\Android\Android Studio\jre\jre\bin\server\jvm.dll
0x00007ff9c94f0000 - 0x00007ff9c94f8000 	C:\WINDOWS\System32\PSAPI.DLL
0x00007ff9c1b90000 - 0x00007ff9c1b9a000 	C:\WINDOWS\SYSTEM32\VERSION.dll
0x00007ff9bd390000 - 0x00007ff9bd3b7000 	C:\WINDOWS\SYSTEM32\WINMM.dll
0x00007ff9bb3d0000 - 0x00007ff9bb3d9000 	C:\WINDOWS\SYSTEM32\WSOCK32.dll
0x00007ff9c9f80000 - 0x00007ff9c9feb000 	C:\WINDOWS\System32\WS2_32.dll
0x00007ff9c3330000 - 0x00007ff9c333f000 	C:\Program Files\Android\Android Studio\jre\jre\bin\verify.dll
0x00007ff9c1850000 - 0x00007ff9c1879000 	C:\Program Files\Android\Android Studio\jre\jre\bin\java.dll
0x00007ff9c1170000 - 0x00007ff9c1186000 	C:\Program Files\Android\Android Studio\jre\jre\bin\zip.dll
0x00007ff9c8da0000 - 0x00007ff9c94e2000 	C:\WINDOWS\System32\SHELL32.dll
0x00007ff9c6110000 - 0x00007ff9c68a0000 	C:\WINDOWS\SYSTEM32\windows.storage.dll
0x00007ff9ca6e0000 - 0x00007ff9caa35000 	C:\WINDOWS\System32\combase.dll
0x00007ff9c7d60000 - 0x00007ff9c7d8c000 	C:\WINDOWS\SYSTEM32\Wldp.dll
0x00007ff9c96b0000 - 0x00007ff9c975e000 	C:\WINDOWS\System32\SHCORE.dll
0x00007ff9ca540000 - 0x00007ff9ca595000 	C:\WINDOWS\System32\shlwapi.dll
0x00007ff9c8230000 - 0x00007ff9c824f000 	C:\WINDOWS\SYSTEM32\profapi.dll
0x00007ff9b2170000 - 0x00007ff9b218a000 	C:\Program Files\Android\Android Studio\jre\jre\bin\net.dll
0x00007ff9c7ad0000 - 0x00007ff9c7b3a000 	C:\WINDOWS\system32\mswsock.dll
0x00007ff9b2150000 - 0x00007ff9b2163000 	C:\Program Files\Android\Android Studio\jre\jre\bin\nio.dll
0x00007ff9af430000 - 0x00007ff9af457000 	C:\Users\User\.gradle\native\f6784746aeab05261644944871eae4fe03e0ef1612fff0a4a95f87b438bc6780\windows-amd64\native-platform.dll
0x00007ff9c18a0000 - 0x00007ff9c18ad000 	C:\Program Files\Android\Android Studio\jre\jre\bin\management.dll
0x00007ff9c7ca0000 - 0x00007ff9c7cb8000 	C:\WINDOWS\SYSTEM32\CRYPTSP.dll
0x00007ff9c7400000 - 0x00007ff9c7434000 	C:\WINDOWS\system32\rsaenh.dll
0x00007ff9c8720000 - 0x00007ff9c8747000 	C:\WINDOWS\System32\bcrypt.dll
0x00007ff9c81b0000 - 0x00007ff9c81de000 	C:\WINDOWS\SYSTEM32\USERENV.dll
0x00007ff9c87b0000 - 0x00007ff9c8830000 	C:\WINDOWS\System32\bcryptprimitives.dll
0x00007ff9c7cc0000 - 0x00007ff9c7ccc000 	C:\WINDOWS\SYSTEM32\CRYPTBASE.dll
0x00007ff9c7770000 - 0x00007ff9c77ab000 	C:\WINDOWS\SYSTEM32\IPHLPAPI.DLL
0x00007ff9ca0d0000 - 0x00007ff9ca0d8000 	C:\WINDOWS\System32\NSI.dll
0x00007ff9c1190000 - 0x00007ff9c11a7000 	C:\WINDOWS\SYSTEM32\dhcpcsvc6.DLL
0x00007ff9c19b0000 - 0x00007ff9c19cd000 	C:\WINDOWS\SYSTEM32\dhcpcsvc.DLL
0x00007ff9c77b0000 - 0x00007ff9c787c000 	C:\WINDOWS\SYSTEM32\DNSAPI.dll
0x00007ff9c1d30000 - 0x00007ff9c1d3b000 	C:\WINDOWS\SYSTEM32\WINNSI.DLL

VM Arguments:
jvm_args: -Xmx1024m -Dfile.encoding=UTF-8 -Duser.country=US -Duser.language=en -Duser.variant 
java_command: org.gradle.launcher.daemon.bootstrap.GradleDaemon 6.5
java_class_path (initial): C:\Users\User\.gradle\wrapper\dists\gradle-6.5-all\2oz4ud9k3tuxjg84bbf55q0tn\gradle-6.5\lib\gradle-launcher-6.5.jar
Launcher Type: SUN_STANDARD

Environment Variables:
USERNAME=User
OS=Windows_NT
PROCESSOR_IDENTIFIER=Intel64 Family 6 Model 142 Stepping 10, GenuineIntel



---------------  S Y S T E M  ---------------

OS: Windows 10.0 , 64 bit Build 19041 (10.0.19041.928)

CPU:total 8 (initial active 8) (4 cores per cpu, 2 threads per core) family 6 model 142 stepping 10, cmov, cx8, fxsr, mmx, sse, sse2, sse3, ssse3, sse4.1, sse4.2, popcnt, avx, avx2, aes, clmul, erms, 3dnowpref, lzcnt, ht, tsc, tscinvbit, bmi1, bmi2, adx

Memory: 4k page, physical 8272432k(197032k free), swap 16661040k(4k free)

vm_info: OpenJDK 64-Bit Server VM (25.242-b01) for windows-amd64 JRE (1.8.0_242-release-1644-b01), built by "builder" with MS VC++ 10.0 (VS2010)

time: Sat May 29 22:22:42 2021
timezone: SE Asia Standard Time
elapsed time: 14 seconds (0d 0h 0m 14s)

