#
# There is insufficient memory for the Java Runtime Environment to continue.
# Native memory allocation (malloc) failed to allocate 262160 bytes for Chunk::new
# Possible reasons:
#   The system is out of physical RAM or swap space
#   The process is running with CompressedOops enabled, and the Java Heap may be blocking the growth of the native heap
# Possible solutions:
#   Reduce memory load on the system
#   Increase physical memory or swap space
#   Check if swap backing store is full
#   Decrease Java heap size (-Xmx/-Xms)
#   Decrease number of Java threads
#   Decrease Java thread stack sizes (-Xss)
#   Set larger code cache with -XX:ReservedCodeCacheSize=
#   JVM is running with Unscaled Compressed Oops mode in which the Java heap is
#     placed in the first 4GB address space. The Java Heap base address is the
#     maximum limit for the native heap growth. Please use -XX:HeapBaseMinAddress
#     to set the Java Heap base and to place the Java Heap above 4GB virtual address.
# This output file may be truncated or incomplete.
#
#  Out of Memory Error (allocation.cpp:389), pid=15592, tid=0x0000000000003a28
#
# JRE version: OpenJDK Runtime Environment (8.0_242-b01) (build 1.8.0_242-release-1644-b01)
# Java VM: OpenJDK 64-Bit Server VM (25.242-b01 mixed mode windows-amd64 compressed oops)
# Failed to write core dump. Minidumps are not enabled by default on client versions of Windows
#

---------------  T H R E A D  ---------------

Current thread (0x0000000019472000):  JavaThread "C2 CompilerThread0" daemon [_thread_in_native, id=14888, stack(0x0000000019d40000,0x0000000019e40000)]

Stack: [0x0000000019d40000,0x0000000019e40000]
[error occurred during error reporting (printing stack bounds), id 0xc0000005]

Native frames: (J=compiled Java code, j=interpreted, Vv=VM code, C=native code)


Current CompileTask:
C2:   3047 1436       4       java.net.URLClassLoader$1::run (5 bytes)


---------------  P R O C E S S  ---------------

Java Threads: ( => current thread )
  0x000000001c0a4000 JavaThread "File lock request listener" [_thread_in_native, id=15792, stack(0x000000001e360000,0x000000001e460000)]
  0x000000001c072800 JavaThread "Cache worker for journal cache (C:\Users\User\.gradle\caches\journal-1)" [_thread_blocked, id=20452, stack(0x000000001e260000,0x000000001e360000)]
  0x000000001c055000 JavaThread "Thread-9" [_thread_blocked, id=11528, stack(0x000000001df60000,0x000000001e060000)]
  0x000000001c050000 JavaThread "Stdin handler" [_thread_blocked, id=17344, stack(0x000000001de60000,0x000000001df60000)]
  0x000000001c03e000 JavaThread "Asynchronous log dispatcher for DefaultDaemonConnection: socket connection from /127.0.0.1:55670 to /127.0.0.1:55671" [_thread_blocked, id=18028, stack(0x000000001dd60000,0x000000001de60000)]
  0x000000001c04d000 JavaThread "Daemon worker" [_thread_in_native, id=8628, stack(0x000000001dc60000,0x000000001dd60000)]
  0x000000001c047800 JavaThread "Cancel handler" [_thread_blocked, id=11512, stack(0x000000001da60000,0x000000001db60000)]
  0x000000001c031800 JavaThread "Handler for socket connection from /127.0.0.1:55670 to /127.0.0.1:55671" [_thread_in_native, id=1452, stack(0x000000001d960000,0x000000001da60000)]
  0x000000001bfbf800 JavaThread "Daemon" [_thread_blocked, id=19112, stack(0x000000001d660000,0x000000001d760000)]
  0x000000001bfbd000 JavaThread "Daemon periodic checks" [_thread_blocked, id=17000, stack(0x000000001d560000,0x000000001d660000)]
  0x000000001bfb8000 JavaThread "Incoming local TCP Connector on port 55670" [_thread_in_native, id=7484, stack(0x000000001d320000,0x000000001d420000)]
  0x000000001bea5800 JavaThread "Daemon health stats" [_thread_blocked, id=12812, stack(0x000000001cce0000,0x000000001cde0000)]
  0x0000000019506800 JavaThread "Service Thread" daemon [_thread_blocked, id=12168, stack(0x000000001a140000,0x000000001a240000)]
  0x000000001948a800 JavaThread "C1 CompilerThread3" daemon [_thread_blocked, id=14360, stack(0x000000001a040000,0x000000001a140000)]
  0x0000000019483000 JavaThread "C2 CompilerThread2" daemon [_thread_blocked, id=1444, stack(0x0000000019f40000,0x000000001a040000)]
  0x0000000019477000 JavaThread "C2 CompilerThread1" daemon [_thread_in_native, id=19492, stack(0x0000000019e40000,0x0000000019f40000)]
=>0x0000000019472000 JavaThread "C2 CompilerThread0" daemon [_thread_in_native, id=14888, stack(0x0000000019d40000,0x0000000019e40000)]
  0x0000000019470800 JavaThread "Attach Listener" daemon [_thread_blocked, id=17580, stack(0x0000000019c40000,0x0000000019d40000)]
  0x000000001946f800 JavaThread "Signal Dispatcher" daemon [_thread_blocked, id=9004, stack(0x0000000019b40000,0x0000000019c40000)]
  0x00000000025f8000 JavaThread "Finalizer" daemon [_thread_blocked, id=2172, stack(0x0000000019940000,0x0000000019a40000)]
  0x0000000019460800 JavaThread "Reference Handler" daemon [_thread_blocked, id=15488, stack(0x0000000019840000,0x0000000019940000)]
  0x0000000002502800 JavaThread "main" [_thread_blocked, id=12204, stack(0x0000000002400000,0x0000000002500000)]

Other Threads:
  0x0000000017668800 VMThread [stack: 0x0000000019340000,0x0000000019440000] [id=13780]
  0x0000000019507800 WatcherThread [stack: 0x000000001a240000,0x000000001a340000] [id=14244]

VM state:not at safepoint (normal execution)

VM Mutex/Monitor currently owned by a thread: None

heap address: 0x0000000080000000, size: 2048 MB, Compressed Oops mode: 32-bit
Narrow klass base: 0x0000000000000000, Narrow klass shift: 3
Compressed class space size: 1073741824 Address: 0x0000000100000000

Heap:
 PSYoungGen      total 38400K, used 34350K [0x00000000d5580000, 0x00000000d8000000, 0x0000000100000000)
  eden space 33280K, 87% used [0x00000000d5580000,0x00000000d720fa30,0x00000000d7600000)
  from space 5120K, 99% used [0x00000000d7600000,0x00000000d7afc010,0x00000000d7b00000)
  to   space 5120K, 0% used [0x00000000d7b00000,0x00000000d7b00000,0x00000000d8000000)
 ParOldGen       total 87552K, used 1226K [0x0000000080000000, 0x0000000085580000, 0x00000000d5580000)
  object space 87552K, 1% used [0x0000000080000000,0x0000000080132978,0x0000000085580000)
 Metaspace       used 14469K, capacity 14954K, committed 15232K, reserved 1062912K
  class space    used 1991K, capacity 2153K, committed 2176K, reserved 1048576K

Card table byte_map: [0x00000000119c0000,0x0000000011dd0000] byte_map_base: 0x00000000115c0000

Marking Bits: (ParMarkBitMap*) 0x0000000056b2f030
 Begin Bits: [0x0000000012880000, 0x0000000014880000)
 End Bits:   [0x0000000014880000, 0x0000000016880000)

Polling page: 0x0000000002300000

CodeCache: size=245760Kb used=5138Kb max_used=5150Kb free=240621Kb
 bounds [0x0000000002600000, 0x0000000002b10000, 0x0000000011600000]
 total_blobs=1818 nmethods=1436 adapters=295
 compilation: enabled

Compilation events (10 events):
Event: 3.023 Thread 0x0000000019477000 nmethod 1430 0x0000000002afdc10 code [0x0000000002afdda0, 0x0000000002afe538]
Event: 3.024 Thread 0x0000000019472000 1436       4       java.net.URLClassLoader$1::run (5 bytes)
Event: 3.024 Thread 0x0000000019477000 1437       4       java.util.LinkedHashMap$LinkedKeyIterator::next (8 bytes)
Event: 3.024 Thread 0x000000001948a800 1439   !   3       java.io.WinNTFileSystem::resolve (362 bytes)
Event: 3.024 Thread 0x0000000019477000 nmethod 1437 0x0000000002af9990 code [0x0000000002af9ac0, 0x0000000002af9b98]
Event: 3.024 Thread 0x0000000019477000 1438       4       java.lang.String::codePointAt (36 bytes)
Event: 3.025 Thread 0x0000000019477000 nmethod 1438 0x0000000002af9610 code [0x0000000002af9760, 0x0000000002af9858]
Event: 3.027 Thread 0x000000001948a800 nmethod 1439 0x0000000002b007d0 code [0x0000000002b01040, 0x0000000002b06c18]
Event: 3.030 Thread 0x0000000019483000 nmethod 1435 0x0000000002afa450 code [0x0000000002afa5e0, 0x0000000002afaa38]
Event: 3.041 Thread 0x0000000019477000 1440 %     4       java.util.Properties$LineReader::readLine @ 21 (468 bytes)

GC Heap History (6 events):
Event: 1.143 GC heap before
{Heap before GC invocations=1 (full 0):
 PSYoungGen      total 38400K, used 33280K [0x00000000d5580000, 0x00000000d8000000, 0x0000000100000000)
  eden space 33280K, 100% used [0x00000000d5580000,0x00000000d7600000,0x00000000d7600000)
  from space 5120K, 0% used [0x00000000d7b00000,0x00000000d7b00000,0x00000000d8000000)
  to   space 5120K, 0% used [0x00000000d7600000,0x00000000d7600000,0x00000000d7b00000)
 ParOldGen       total 87552K, used 0K [0x0000000080000000, 0x0000000085580000, 0x00000000d5580000)
  object space 87552K, 0% used [0x0000000080000000,0x0000000080000000,0x0000000085580000)
 Metaspace       used 7225K, capacity 7442K, committed 7680K, reserved 1056768K
  class space    used 890K, capacity 973K, committed 1024K, reserved 1048576K
Event: 1.149 GC heap after
Heap after GC invocations=1 (full 0):
 PSYoungGen      total 38400K, used 4489K [0x00000000d5580000, 0x00000000d8000000, 0x0000000100000000)
  eden space 33280K, 0% used [0x00000000d5580000,0x00000000d5580000,0x00000000d7600000)
  from space 5120K, 87% used [0x00000000d7600000,0x00000000d7a625e0,0x00000000d7b00000)
  to   space 5120K, 0% used [0x00000000d7b00000,0x00000000d7b00000,0x00000000d8000000)
 ParOldGen       total 87552K, used 16K [0x0000000080000000, 0x0000000085580000, 0x00000000d5580000)
  object space 87552K, 0% used [0x0000000080000000,0x0000000080004000,0x0000000085580000)
 Metaspace       used 7225K, capacity 7442K, committed 7680K, reserved 1056768K
  class space    used 890K, capacity 973K, committed 1024K, reserved 1048576K
}
Event: 1.697 GC heap before
{Heap before GC invocations=2 (full 0):
 PSYoungGen      total 38400K, used 37769K [0x00000000d5580000, 0x00000000d8000000, 0x0000000100000000)
  eden space 33280K, 100% used [0x00000000d5580000,0x00000000d7600000,0x00000000d7600000)
  from space 5120K, 87% used [0x00000000d7600000,0x00000000d7a625e0,0x00000000d7b00000)
  to   space 5120K, 0% used [0x00000000d7b00000,0x00000000d7b00000,0x00000000d8000000)
 ParOldGen       total 87552K, used 16K [0x0000000080000000, 0x0000000085580000, 0x00000000d5580000)
  object space 87552K, 0% used [0x0000000080000000,0x0000000080004000,0x0000000085580000)
 Metaspace       used 7472K, capacity 7754K, committed 7936K, reserved 1056768K
  class space    used 917K, capacity 1013K, committed 1024K, reserved 1048576K
Event: 1.700 GC heap after
Heap after GC invocations=2 (full 0):
 PSYoungGen      total 38400K, used 3297K [0x00000000d5580000, 0x00000000d8000000, 0x0000000100000000)
  eden space 33280K, 0% used [0x00000000d5580000,0x00000000d5580000,0x00000000d7600000)
  from space 5120K, 64% used [0x00000000d7b00000,0x00000000d7e38608,0x00000000d8000000)
  to   space 5120K, 0% used [0x00000000d7600000,0x00000000d7600000,0x00000000d7b00000)
 ParOldGen       total 87552K, used 24K [0x0000000080000000, 0x0000000085580000, 0x00000000d5580000)
  object space 87552K, 0% used [0x0000000080000000,0x0000000080006000,0x0000000085580000)
 Metaspace       used 7472K, capacity 7754K, committed 7936K, reserved 1056768K
  class space    used 917K, capacity 1013K, committed 1024K, reserved 1048576K
}
Event: 2.690 GC heap before
{Heap before GC invocations=3 (full 0):
 PSYoungGen      total 38400K, used 36577K [0x00000000d5580000, 0x00000000d8000000, 0x0000000100000000)
  eden space 33280K, 100% used [0x00000000d5580000,0x00000000d7600000,0x00000000d7600000)
  from space 5120K, 64% used [0x00000000d7b00000,0x00000000d7e38608,0x00000000d8000000)
  to   space 5120K, 0% used [0x00000000d7600000,0x00000000d7600000,0x00000000d7b00000)
 ParOldGen       total 87552K, used 24K [0x0000000080000000, 0x0000000085580000, 0x00000000d5580000)
  object space 87552K, 0% used [0x0000000080000000,0x0000000080006000,0x0000000085580000)
 Metaspace       used 12169K, capacity 12496K, committed 12800K, reserved 1060864K
  class space    used 1624K, capacity 1726K, committed 1792K, reserved 1048576K
Event: 2.696 GC heap after
Heap after GC invocations=3 (full 0):
 PSYoungGen      total 38400K, used 5104K [0x00000000d5580000, 0x00000000d8000000, 0x0000000100000000)
  eden space 33280K, 0% used [0x00000000d5580000,0x00000000d5580000,0x00000000d7600000)
  from space 5120K, 99% used [0x00000000d7600000,0x00000000d7afc010,0x00000000d7b00000)
  to   space 5120K, 0% used [0x00000000d7b00000,0x00000000d7b00000,0x00000000d8000000)
 ParOldGen       total 87552K, used 1226K [0x0000000080000000, 0x0000000085580000, 0x00000000d5580000)
  object space 87552K, 1% used [0x0000000080000000,0x0000000080132978,0x0000000085580000)
 Metaspace       used 12169K, capacity 12496K, committed 12800K, reserved 1060864K
  class space    used 1624K, capacity 1726K, committed 1792K, reserved 1048576K
}

Deoptimization events (10 events):
Event: 2.631 Thread 0x000000001c031800 Uncommon trap: reason=unstable_if action=reinterpret pc=0x0000000002a0d968 method=java.util.concurrent.ConcurrentHashMap.putVal(Ljava/lang/Object;Ljava/lang/Object;Z)Ljava/lang/Object; @ 206
Event: 2.677 Thread 0x000000001c04d000 Uncommon trap: reason=unstable_if action=reinterpret pc=0x0000000002a89ef0 method=sun.nio.cs.UTF_8$Encoder.encodeArrayLoop(Ljava/nio/CharBuffer;Ljava/nio/ByteBuffer;)Ljava/nio/charset/CoderResult; @ 87
Event: 2.681 Thread 0x000000001c04d000 Uncommon trap: reason=bimorphic action=maybe_recompile pc=0x00000000028cba0c method=java.util.HashMap.putVal(ILjava/lang/Object;Ljava/lang/Object;ZZ)Ljava/lang/Object; @ 253
Event: 2.681 Thread 0x000000001c04d000 Uncommon trap: reason=bimorphic action=maybe_recompile pc=0x00000000028cba0c method=java.util.HashMap.putVal(ILjava/lang/Object;Ljava/lang/Object;ZZ)Ljava/lang/Object; @ 253
Event: 2.681 Thread 0x000000001c04d000 Uncommon trap: reason=bimorphic action=maybe_recompile pc=0x00000000028cba0c method=java.util.HashMap.putVal(ILjava/lang/Object;Ljava/lang/Object;ZZ)Ljava/lang/Object; @ 253
Event: 2.681 Thread 0x000000001c04d000 Uncommon trap: reason=bimorphic action=maybe_recompile pc=0x00000000028cba0c method=java.util.HashMap.putVal(ILjava/lang/Object;Ljava/lang/Object;ZZ)Ljava/lang/Object; @ 253
Event: 2.980 Thread 0x000000001c04d000 Uncommon trap: reason=class_check action=maybe_recompile pc=0x0000000002930798 method=java.util.regex.Matcher.match(II)Z @ 86
Event: 2.980 Thread 0x000000001c04d000 Uncommon trap: reason=class_check action=maybe_recompile pc=0x0000000002930798 method=java.util.regex.Matcher.match(II)Z @ 86
Event: 2.980 Thread 0x000000001c04d000 Uncommon trap: reason=class_check action=maybe_recompile pc=0x0000000002930798 method=java.util.regex.Matcher.match(II)Z @ 86
Event: 2.980 Thread 0x000000001c04d000 Uncommon trap: reason=class_check action=maybe_recompile pc=0x00000000027be80c method=java.util.regex.Matcher.match(II)Z @ 86

Classes redefined (0 events):
No events

Internal exceptions (10 events):
Event: 0.964 Thread 0x0000000002502800 Exception <a 'java/lang/ArrayIndexOutOfBoundsException'> (0x00000000d6b64958) thrown at [C:\src\AOSP-openjdk-git\hotspot\src\share\vm\runtime\sharedRuntime.cpp, line 605]
Event: 0.965 Thread 0x0000000002502800 Exception <a 'java/lang/ArrayIndexOutOfBoundsException'> (0x00000000d6b72be8) thrown at [C:\src\AOSP-openjdk-git\hotspot\src\share\vm\runtime\sharedRuntime.cpp, line 605]
Event: 2.564 Thread 0x0000000002502800 Exception <a 'java/io/IOException'> (0x00000000d711ac20) thrown at [C:\src\AOSP-openjdk-git\hotspot\src\share\vm\prims\jni.cpp, line 710]
Event: 2.633 Thread 0x000000001c031800 Exception <a 'java/lang/NoSuchMethodError': <clinit>> (0x00000000d736cbf0) thrown at [C:\src\AOSP-openjdk-git\hotspot\src\share\vm\prims\jni.cpp, line 1615]
Event: 2.634 Thread 0x000000001c031800 Exception <a 'java/lang/NoSuchMethodError': <clinit>> (0x00000000d73762f8) thrown at [C:\src\AOSP-openjdk-git\hotspot\src\share\vm\prims\jni.cpp, line 1615]
Event: 2.636 Thread 0x000000001c031800 Exception <a 'java/lang/NoSuchMethodError': <clinit>> (0x00000000d738a8c8) thrown at [C:\src\AOSP-openjdk-git\hotspot\src\share\vm\prims\jni.cpp, line 1615]
Event: 2.646 Thread 0x000000001c031800 Exception <a 'java/lang/NoSuchMethodError': <clinit>> (0x00000000d73f8070) thrown at [C:\src\AOSP-openjdk-git\hotspot\src\share\vm\prims\jni.cpp, line 1615]
Event: 2.653 Thread 0x000000001c031800 Exception <a 'java/lang/NoSuchMethodError': <clinit>> (0x00000000d7432598) thrown at [C:\src\AOSP-openjdk-git\hotspot\src\share\vm\prims\jni.cpp, line 1615]
Event: 2.657 Thread 0x000000001c031800 Exception <a 'java/lang/NoSuchMethodError': <clinit>> (0x00000000d74681f0) thrown at [C:\src\AOSP-openjdk-git\hotspot\src\share\vm\prims\jni.cpp, line 1615]
Event: 2.658 Thread 0x000000001c031800 Exception <a 'java/lang/NoSuchMethodError': <clinit>> (0x00000000d7474720) thrown at [C:\src\AOSP-openjdk-git\hotspot\src\share\vm\prims\jni.cpp, line 1615]

Events (10 events):
Event: 3.042 loading class org/gradle/internal/file/DefaultFileHierarchySet$PrefixFileSet
Event: 3.042 loading class org/gradle/internal/file/DefaultFileHierarchySet$PrefixFileSet done
Event: 3.043 loading class org/gradle/internal/file/DefaultFileHierarchySet$Node
Event: 3.043 loading class org/gradle/internal/file/DefaultFileHierarchySet$Node done
Event: 3.043 loading class org/gradle/internal/file/FilePathUtil
Event: 3.043 loading class org/gradle/internal/file/FilePathUtil done
Event: 3.044 loading class kotlin/collections/CollectionsKt
Event: 3.044 loading class kotlin/collections/CollectionsKt done
Event: 3.044 loading class kotlin/collections/CollectionsKt___CollectionsKt
Event: 3.044 loading class kotlin/collections/CollectionsKt___CollectionsKt done


Dynamic libraries:
0x00007ff64ca00000 - 0x00007ff64ca31000 	C:\Program Files\Android\Android Studio\jre\bin\java.exe
0x00007fff5b750000 - 0x00007fff5b945000 	C:\WINDOWS\SYSTEM32\ntdll.dll
0x00007fff5a420000 - 0x00007fff5a4dd000 	C:\WINDOWS\System32\KERNEL32.DLL
0x00007fff59070000 - 0x00007fff59338000 	C:\WINDOWS\System32\KERNELBASE.dll
0x00007fff59a50000 - 0x00007fff59afc000 	C:\WINDOWS\System32\ADVAPI32.dll
0x00007fff5b070000 - 0x00007fff5b10e000 	C:\WINDOWS\System32\msvcrt.dll
0x00007fff5b2f0000 - 0x00007fff5b38b000 	C:\WINDOWS\System32\sechost.dll
0x00007fff5a910000 - 0x00007fff5aa3b000 	C:\WINDOWS\System32\RPCRT4.dll
0x00007fff5b570000 - 0x00007fff5b710000 	C:\WINDOWS\System32\USER32.dll
0x00007fff59340000 - 0x00007fff59362000 	C:\WINDOWS\System32\win32u.dll
0x00007fff5a250000 - 0x00007fff5a27a000 	C:\WINDOWS\System32\GDI32.dll
0x00007fff58e90000 - 0x00007fff58f9b000 	C:\WINDOWS\System32\gdi32full.dll
0x00007fff59710000 - 0x00007fff597ad000 	C:\WINDOWS\System32\msvcp_win.dll
0x00007fff59610000 - 0x00007fff59710000 	C:\WINDOWS\System32\ucrtbase.dll
0x00007fff413e0000 - 0x00007fff4167a000 	C:\WINDOWS\WinSxS\amd64_microsoft.windows.common-controls_6595b64144ccf1df_6.0.19041.844_none_ca00b6081b84eb1d\COMCTL32.dll
0x00007fff5b2c0000 - 0x00007fff5b2f0000 	C:\WINDOWS\System32\IMM32.DLL
0x0000000058430000 - 0x0000000058502000 	C:\Program Files\Android\Android Studio\jre\jre\bin\msvcr100.dll
0x0000000056360000 - 0x0000000056bab000 	C:\Program Files\Android\Android Studio\jre\jre\bin\server\jvm.dll
0x00007fff5b060000 - 0x00007fff5b068000 	C:\WINDOWS\System32\PSAPI.DLL
0x00007fff47000000 - 0x00007fff47009000 	C:\WINDOWS\SYSTEM32\WSOCK32.dll
0x00007fff4d920000 - 0x00007fff4d947000 	C:\WINDOWS\SYSTEM32\WINMM.dll
0x00007fff5aaf0000 - 0x00007fff5ab5b000 	C:\WINDOWS\System32\WS2_32.dll
0x00007fff522d0000 - 0x00007fff522da000 	C:\WINDOWS\SYSTEM32\VERSION.dll
0x00007fff54280000 - 0x00007fff5428f000 	C:\Program Files\Android\Android Studio\jre\jre\bin\verify.dll
0x00007fff464c0000 - 0x00007fff464e9000 	C:\Program Files\Android\Android Studio\jre\jre\bin\java.dll
0x00007fff538f0000 - 0x00007fff53906000 	C:\Program Files\Android\Android Studio\jre\jre\bin\zip.dll
0x00007fff59b00000 - 0x00007fff5a242000 	C:\WINDOWS\System32\SHELL32.dll
0x00007fff56f90000 - 0x00007fff57721000 	C:\WINDOWS\SYSTEM32\windows.storage.dll
0x00007fff5a5b0000 - 0x00007fff5a905000 	C:\WINDOWS\System32\combase.dll
0x00007fff58900000 - 0x00007fff5892c000 	C:\WINDOWS\SYSTEM32\Wldp.dll
0x00007fff5b4c0000 - 0x00007fff5b56e000 	C:\WINDOWS\System32\SHCORE.dll
0x00007fff5b200000 - 0x00007fff5b255000 	C:\WINDOWS\System32\shlwapi.dll
0x00007fff58dd0000 - 0x00007fff58def000 	C:\WINDOWS\SYSTEM32\profapi.dll
0x00007fff46340000 - 0x00007fff4635a000 	C:\Program Files\Android\Android Studio\jre\jre\bin\net.dll
0x00007fff58670000 - 0x00007fff586da000 	C:\WINDOWS\system32\mswsock.dll
0x00007fff459b0000 - 0x00007fff459c3000 	C:\Program Files\Android\Android Studio\jre\jre\bin\nio.dll
0x00007fff46560000 - 0x00007fff46587000 	C:\Users\User\.gradle\native\f6784746aeab05261644944871eae4fe03e0ef1612fff0a4a95f87b438bc6780\windows-amd64\native-platform.dll
0x00007fff53430000 - 0x00007fff5343d000 	C:\Program Files\Android\Android Studio\jre\jre\bin\management.dll
0x00007fff58840000 - 0x00007fff58858000 	C:\WINDOWS\SYSTEM32\CRYPTSP.dll
0x00007fff57fa0000 - 0x00007fff57fd4000 	C:\WINDOWS\system32\rsaenh.dll
0x00007fff593d0000 - 0x00007fff593f7000 	C:\WINDOWS\System32\bcrypt.dll
0x00007fff58d50000 - 0x00007fff58d7e000 	C:\WINDOWS\SYSTEM32\USERENV.dll
0x00007fff58ff0000 - 0x00007fff59070000 	C:\WINDOWS\System32\bcryptprimitives.dll
0x00007fff58860000 - 0x00007fff5886c000 	C:\WINDOWS\SYSTEM32\CRYPTBASE.dll
0x00007fff58310000 - 0x00007fff5834b000 	C:\WINDOWS\SYSTEM32\IPHLPAPI.DLL
0x00007fff5b050000 - 0x00007fff5b058000 	C:\WINDOWS\System32\NSI.dll
0x00007fff51ff0000 - 0x00007fff52007000 	C:\WINDOWS\SYSTEM32\dhcpcsvc6.DLL
0x00007fff522f0000 - 0x00007fff5230d000 	C:\WINDOWS\SYSTEM32\dhcpcsvc.DLL
0x00007fff58350000 - 0x00007fff5841c000 	C:\WINDOWS\SYSTEM32\DNSAPI.dll
0x00007fff52470000 - 0x00007fff5247b000 	C:\WINDOWS\SYSTEM32\WINNSI.DLL

VM Arguments:
jvm_args: -Xmx2048m -Dfile.encoding=UTF-8 -Duser.country=US -Duser.language=en -Duser.variant 
java_command: org.gradle.launcher.daemon.bootstrap.GradleDaemon 6.5
java_class_path (initial): C:\Users\User\.gradle\wrapper\dists\gradle-6.5-all\2oz4ud9k3tuxjg84bbf55q0tn\gradle-6.5\lib\gradle-launcher-6.5.jar
Launcher Type: SUN_STANDARD

Environment Variables:
USERNAME=User
OS=Windows_NT
PROCESSOR_IDENTIFIER=Intel64 Family 6 Model 142 Stepping 10, GenuineIntel



---------------  S Y S T E M  ---------------

OS: Windows 10.0 , 64 bit Build 19041 (10.0.19041.928)

CPU:total 8 (initial active 8) (4 cores per cpu, 2 threads per core) family 6 model 142 stepping 10, cmov, cx8, fxsr, mmx, sse, sse2, sse3, ssse3, sse4.1, sse4.2, popcnt, avx, avx2, aes, clmul, erms, 3dnowpref, lzcnt, ht, tsc, tscinvbit, bmi1, bmi2, adx

Memory: 4k page, physical 8272432k(374116k free), swap 16661040k(2628k free)

vm_info: OpenJDK 64-Bit Server VM (25.242-b01) for windows-amd64 JRE (1.8.0_242-release-1644-b01), built by "builder" with MS VC++ 10.0 (VS2010)

time: Sat May 15 11:20:34 2021
timezone: SE Asia Standard Time
elapsed time: 3 seconds (0d 0h 0m 3s)

