#
# There is insufficient memory for the Java Runtime Environment to continue.
# Native memory allocation (malloc) failed to allocate 1835536 bytes for Chunk::new
# Possible reasons:
#   The system is out of physical RAM or swap space
#   The process is running with CompressedOops enabled, and the Java Heap may be blocking the growth of the native heap
# Possible solutions:
#   Reduce memory load on the system
#   Increase physical memory or swap space
#   Check if swap backing store is full
#   Decrease Java heap size (-Xmx/-Xms)
#   Decrease number of Java threads
#   Decrease Java thread stack sizes (-Xss)
#   Set larger code cache with -XX:ReservedCodeCacheSize=
#   JVM is running with Unscaled Compressed Oops mode in which the Java heap is
#     placed in the first 4GB address space. The Java Heap base address is the
#     maximum limit for the native heap growth. Please use -XX:HeapBaseMinAddress
#     to set the Java Heap base and to place the Java Heap above 4GB virtual address.
# This output file may be truncated or incomplete.
#
#  Out of Memory Error (allocation.cpp:389), pid=288, tid=0x0000000000003978
#
# JRE version: OpenJDK Runtime Environment (8.0_242-b01) (build 1.8.0_242-release-1644-b01)
# Java VM: OpenJDK 64-Bit Server VM (25.242-b01 mixed mode windows-amd64 compressed oops)
# Failed to write core dump. Minidumps are not enabled by default on client versions of Windows
#

---------------  T H R E A D  ---------------

Current thread (0x0000000019744800):  JavaThread "C2 CompilerThread0" daemon [_thread_in_native, id=14712, stack(0x000000001a010000,0x000000001a110000)]

Stack: [0x000000001a010000,0x000000001a110000]
[error occurred during error reporting (printing stack bounds), id 0xc0000005]

Native frames: (J=compiled Java code, j=interpreted, Vv=VM code, C=native code)


Current CompileTask:
C2:  10964 4717   !   4       com.sun.beans.TypeResolver::resolve (274 bytes)


---------------  P R O C E S S  ---------------

Java Threads: ( => current thread )
  0x000000001cb38800 JavaThread "Memory manager" [_thread_blocked, id=1780, stack(0x000000002b150000,0x000000002b250000)]
  0x000000001cb3b000 JavaThread "pool-1-thread-1" [_thread_blocked, id=12124, stack(0x000000002ac50000,0x000000002ad50000)]
  0x000000001cb2c800 JavaThread "jar transforms Thread 94" [_thread_blocked, id=620, stack(0x000000002a950000,0x000000002aa50000)]
  0x000000001cb30800 JavaThread "jar transforms Thread 93" [_thread_blocked, id=2264, stack(0x000000002a850000,0x000000002a950000)]
  0x000000001cb2f000 JavaThread "jar transforms Thread 92" [_thread_blocked, id=13652, stack(0x000000002a750000,0x000000002a850000)]
  0x000000001cb33800 JavaThread "jar transforms Thread 91" [_thread_blocked, id=18616, stack(0x000000002a650000,0x000000002a750000)]
  0x000000001cb2d800 JavaThread "jar transforms Thread 90" [_thread_blocked, id=4272, stack(0x000000002a550000,0x000000002a650000)]
  0x000000001cb2c000 JavaThread "jar transforms Thread 89" [_thread_blocked, id=424, stack(0x000000002a450000,0x000000002a550000)]
  0x000000001cb2f800 JavaThread "jar transforms Thread 88" [_thread_blocked, id=14884, stack(0x000000002a350000,0x000000002a450000)]
  0x000000001cb32800 JavaThread "jar transforms Thread 87" [_thread_blocked, id=17752, stack(0x000000002a250000,0x000000002a350000)]
  0x000000001cb32000 JavaThread "jar transforms Thread 86" [_thread_blocked, id=10408, stack(0x000000002a150000,0x000000002a250000)]
  0x000000001cb31000 JavaThread "jar transforms Thread 85" [_thread_blocked, id=17980, stack(0x000000002a050000,0x000000002a150000)]
  0x000000001cb2e000 JavaThread "jar transforms Thread 84" [_thread_blocked, id=940, stack(0x0000000029f50000,0x000000002a050000)]
  0x0000000024893000 JavaThread "jar transforms Thread 83" [_thread_blocked, id=7476, stack(0x0000000029e50000,0x0000000029f50000)]
  0x0000000024892800 JavaThread "jar transforms Thread 82" [_thread_blocked, id=19688, stack(0x0000000029d50000,0x0000000029e50000)]
  0x000000002488e800 JavaThread "jar transforms Thread 81" [_thread_blocked, id=10004, stack(0x0000000029c50000,0x0000000029d50000)]
  0x0000000024894000 JavaThread "jar transforms Thread 80" [_thread_blocked, id=10188, stack(0x0000000029b50000,0x0000000029c50000)]
  0x0000000024894800 JavaThread "jar transforms Thread 79" [_thread_blocked, id=13336, stack(0x0000000029950000,0x0000000029a50000)]
  0x0000000024890000 JavaThread "jar transforms Thread 78" [_thread_blocked, id=792, stack(0x0000000029850000,0x0000000029950000)]
  0x000000002488b000 JavaThread "jar transforms Thread 77" [_thread_blocked, id=216, stack(0x0000000029750000,0x0000000029850000)]
  0x0000000024891800 JavaThread "jar transforms Thread 76" [_thread_blocked, id=19296, stack(0x0000000029650000,0x0000000029750000)]
  0x000000002488e000 JavaThread "jar transforms Thread 75" [_thread_blocked, id=13644, stack(0x0000000029550000,0x0000000029650000)]
  0x000000002488d000 JavaThread "jar transforms Thread 74" [_thread_blocked, id=13360, stack(0x0000000029450000,0x0000000029550000)]
  0x0000000024891000 JavaThread "jar transforms Thread 73" [_thread_blocked, id=9440, stack(0x0000000029350000,0x0000000029450000)]
  0x000000002488c800 JavaThread "jar transforms Thread 72" [_thread_blocked, id=14688, stack(0x0000000029250000,0x0000000029350000)]
  0x000000002488f800 JavaThread "jar transforms Thread 71" [_thread_blocked, id=18304, stack(0x0000000029150000,0x0000000029250000)]
  0x0000000024885800 JavaThread "jar transforms Thread 70" [_thread_blocked, id=12908, stack(0x0000000029050000,0x0000000029150000)]
  0x000000002488a000 JavaThread "jar transforms Thread 69" [_thread_blocked, id=7444, stack(0x0000000028f50000,0x0000000029050000)]
  0x0000000024889800 JavaThread "jar transforms Thread 68" [_thread_blocked, id=888, stack(0x0000000028e50000,0x0000000028f50000)]
  0x0000000024888000 JavaThread "jar transforms Thread 67" [_thread_blocked, id=7460, stack(0x0000000028d50000,0x0000000028e50000)]
  0x0000000024886800 JavaThread "jar transforms Thread 66" [_thread_blocked, id=4824, stack(0x0000000028c50000,0x0000000028d50000)]
  0x0000000024887000 JavaThread "jar transforms Thread 65" [_thread_blocked, id=2456, stack(0x0000000028b50000,0x0000000028c50000)]
  0x0000000024888800 JavaThread "jar transforms Thread 64" [_thread_blocked, id=12840, stack(0x0000000028a50000,0x0000000028b50000)]
  0x000000002488b800 JavaThread "jar transforms Thread 63" [_thread_blocked, id=2712, stack(0x0000000028950000,0x0000000028a50000)]
  0x00000000221ba000 JavaThread "jar transforms Thread 62" [_thread_blocked, id=972, stack(0x0000000028850000,0x0000000028950000)]
  0x00000000221b7000 JavaThread "jar transforms Thread 61" [_thread_blocked, id=5972, stack(0x0000000028750000,0x0000000028850000)]
  0x00000000221b8000 JavaThread "jar transforms Thread 60" [_thread_blocked, id=13736, stack(0x0000000028650000,0x0000000028750000)]
  0x00000000221bb000 JavaThread "jar transforms Thread 59" [_thread_blocked, id=8532, stack(0x0000000028550000,0x0000000028650000)]
  0x00000000221b6800 JavaThread "jar transforms Thread 58" [_thread_blocked, id=19936, stack(0x0000000028450000,0x0000000028550000)]
  0x00000000221b9800 JavaThread "jar transforms Thread 57" [_thread_blocked, id=2412, stack(0x0000000028350000,0x0000000028450000)]
  0x00000000221bd000 JavaThread "jar transforms Thread 56" [_thread_blocked, id=4396, stack(0x0000000028250000,0x0000000028350000)]
  0x00000000221b5800 JavaThread "jar transforms Thread 55" [_thread_blocked, id=19940, stack(0x0000000028150000,0x0000000028250000)]
  0x00000000221bb800 JavaThread "jar transforms Thread 54" [_thread_blocked, id=12512, stack(0x0000000028050000,0x0000000028150000)]
  0x00000000221b8800 JavaThread "jar transforms Thread 53" [_thread_blocked, id=17192, stack(0x0000000027f50000,0x0000000028050000)]
  0x00000000221bc800 JavaThread "jar transforms Thread 52" [_thread_blocked, id=8180, stack(0x0000000027e50000,0x0000000027f50000)]
  0x00000000221ae000 JavaThread "jar transforms Thread 51" [_thread_blocked, id=148, stack(0x0000000027d50000,0x0000000027e50000)]
  0x00000000221b1000 JavaThread "jar transforms Thread 50" [_thread_blocked, id=20392, stack(0x0000000027c50000,0x0000000027d50000)]
  0x00000000221af800 JavaThread "jar transforms Thread 49" [_thread_blocked, id=14944, stack(0x0000000027b50000,0x0000000027c50000)]
  0x00000000221b3800 JavaThread "jar transforms Thread 48" [_thread_blocked, id=1000, stack(0x0000000027a50000,0x0000000027b50000)]
  0x00000000221b2000 JavaThread "jar transforms Thread 47" [_thread_blocked, id=5624, stack(0x0000000027950000,0x0000000027a50000)]
  0x00000000221b0800 JavaThread "jar transforms Thread 46" [_thread_blocked, id=11760, stack(0x0000000027850000,0x0000000027950000)]
  0x00000000221b2800 JavaThread "jar transforms Thread 45" [_thread_blocked, id=9972, stack(0x0000000027750000,0x0000000027850000)]
  0x00000000221b5000 JavaThread "jar transforms Thread 44" [_thread_blocked, id=3932, stack(0x0000000027650000,0x0000000027750000)]
  0x00000000221af000 JavaThread "jar transforms Thread 43" [_thread_blocked, id=15156, stack(0x0000000027550000,0x0000000027650000)]
  0x00000000221b4000 JavaThread "jar transforms Thread 42" [_thread_blocked, id=13664, stack(0x0000000027450000,0x0000000027550000)]
  0x000000001eaf7000 JavaThread "jar transforms Thread 41" [_thread_blocked, id=15188, stack(0x0000000027350000,0x0000000027450000)]
  0x000000001eaf6800 JavaThread "jar transforms Thread 40" [_thread_blocked, id=2152, stack(0x0000000027250000,0x0000000027350000)]
  0x000000001eaf5000 JavaThread "jar transforms Thread 39" [_thread_blocked, id=15068, stack(0x0000000027150000,0x0000000027250000)]
  0x000000001eaf4000 JavaThread "jar transforms Thread 38" [_thread_blocked, id=19756, stack(0x0000000027050000,0x0000000027150000)]
  0x000000001eaf2800 JavaThread "jar transforms Thread 37" [_thread_blocked, id=2072, stack(0x0000000026f50000,0x0000000027050000)]
  0x000000001eaf3800 JavaThread "jar transforms Thread 36" [_thread_blocked, id=15112, stack(0x0000000026e50000,0x0000000026f50000)]
  0x000000001eaf8000 JavaThread "jar transforms Thread 35" [_thread_blocked, id=2608, stack(0x0000000026d50000,0x0000000026e50000)]
  0x000000001eaf5800 JavaThread "jar transforms Thread 34" [_thread_blocked, id=11228, stack(0x0000000026c50000,0x0000000026d50000)]
  0x000000001eaf2000 JavaThread "jar transforms Thread 33" [_thread_blocked, id=18972, stack(0x0000000026b50000,0x0000000026c50000)]
  0x000000001eaea800 JavaThread "jar transforms Thread 32" [_thread_blocked, id=2552, stack(0x0000000026a50000,0x0000000026b50000)]
  0x000000001eaf0800 JavaThread "jar transforms Thread 31" [_thread_blocked, id=4244, stack(0x0000000026950000,0x0000000026a50000)]
  0x000000001eaef000 JavaThread "jar transforms Thread 30" [_thread_blocked, id=12692, stack(0x0000000026850000,0x0000000026950000)]
  0x000000001eaee000 JavaThread "jar transforms Thread 29" [_thread_blocked, id=19092, stack(0x0000000026750000,0x0000000026850000)]
  0x000000001eaf1000 JavaThread "jar transforms Thread 28" [_thread_blocked, id=19444, stack(0x0000000026650000,0x0000000026750000)]
  0x000000001eaed800 JavaThread "jar transforms Thread 27" [_thread_blocked, id=18816, stack(0x0000000026550000,0x0000000026650000)]
  0x000000001eaec000 JavaThread "jar transforms Thread 26" [_thread_blocked, id=13364, stack(0x0000000026450000,0x0000000026550000)]
  0x000000001eae9800 JavaThread "jar transforms Thread 25" [_thread_blocked, id=2636, stack(0x0000000026350000,0x0000000026450000)]
  0x000000001eae9000 JavaThread "jar transforms Thread 24" [_thread_blocked, id=14948, stack(0x0000000026250000,0x0000000026350000)]
  0x000000001eaeb000 JavaThread "jar transforms Thread 23" [_thread_blocked, id=5076, stack(0x0000000026150000,0x0000000026250000)]
  0x000000001eaec800 JavaThread "jar transforms Thread 22" [_thread_blocked, id=16324, stack(0x0000000026050000,0x0000000026150000)]
  0x000000001eaef800 JavaThread "jar transforms Thread 21" [_thread_blocked, id=13712, stack(0x0000000025f50000,0x0000000026050000)]
  0x000000001b944000 JavaThread "jar transforms Thread 20" [_thread_blocked, id=11608, stack(0x0000000025e50000,0x0000000025f50000)]
  0x000000001b946000 JavaThread "jar transforms Thread 19" [_thread_blocked, id=11344, stack(0x0000000025d50000,0x0000000025e50000)]
  0x000000001b93f800 JavaThread "jar transforms Thread 18" [_thread_blocked, id=3484, stack(0x0000000025c50000,0x0000000025d50000)]
  0x000000001b941800 JavaThread "jar transforms Thread 17" [_thread_blocked, id=12272, stack(0x0000000025b50000,0x0000000025c50000)]
  0x000000001b942800 JavaThread "jar transforms Thread 16" [_thread_blocked, id=13768, stack(0x0000000025a50000,0x0000000025b50000)]
  0x000000001b943000 JavaThread "jar transforms Thread 15" [_thread_blocked, id=19576, stack(0x0000000025950000,0x0000000025a50000)]
  0x000000001b944800 JavaThread "jar transforms Thread 14" [_thread_blocked, id=344, stack(0x0000000025850000,0x0000000025950000)]
  0x000000001b941000 JavaThread "jar transforms Thread 13" [_thread_blocked, id=2116, stack(0x0000000025750000,0x0000000025850000)]
  0x000000001b945800 JavaThread "jar transforms Thread 12" [_thread_blocked, id=15076, stack(0x0000000025650000,0x0000000025750000)]
  0x000000001b940000 JavaThread "jar transforms Thread 11" [_thread_blocked, id=15400, stack(0x0000000025550000,0x0000000025650000)]
  0x000000001b378000 JavaThread "jar transforms Thread 10" [_thread_blocked, id=13872, stack(0x0000000025450000,0x0000000025550000)]
  0x000000001b37b000 JavaThread "jar transforms Thread 9" [_thread_blocked, id=17620, stack(0x0000000025350000,0x0000000025450000)]
  0x000000001b37a800 JavaThread "jar transforms Thread 8" [_thread_blocked, id=2368, stack(0x0000000025250000,0x0000000025350000)]
  0x000000001b377800 JavaThread "Build operations Thread 8" [_thread_blocked, id=7512, stack(0x0000000025150000,0x0000000025250000)]
  0x000000001b376800 JavaThread "Build operations Thread 7" [_thread_blocked, id=7680, stack(0x0000000025050000,0x0000000025150000)]
  0x000000001b37c800 JavaThread "Build operations Thread 6" [_thread_blocked, id=2880, stack(0x0000000024f50000,0x0000000025050000)]
  0x000000001b379000 JavaThread "Build operations Thread 5" [_thread_blocked, id=10692, stack(0x0000000024e50000,0x0000000024f50000)]
  0x000000001b37c000 JavaThread "Build operations Thread 4" [_thread_blocked, id=12872, stack(0x0000000023ce0000,0x0000000023de0000)]
  0x000000001b376000 JavaThread "Build operations Thread 3" [_thread_blocked, id=9548, stack(0x0000000023be0000,0x0000000023ce0000)]
  0x000000001b379800 JavaThread "Build operations Thread 2" [_thread_blocked, id=15080, stack(0x0000000023ae0000,0x0000000023be0000)]
  0x000000001b36e000 JavaThread "Build operations" [_thread_blocked, id=10024, stack(0x00000000236d0000,0x00000000237d0000)]
  0x000000001b370800 JavaThread "Cache worker for Build Output Cleanup Cache (D:\NguyenNhutTan\do_an\vocabulary_app\.gradle\buildOutputCleanup)" [_thread_blocked, id=15948, stack(0x00000000237e0000,0x00000000238e0000)]
  0x000000001b372000 JavaThread "Cache worker for file content cache (C:\Users\User\.gradle\caches\6.7.1\fileContent)" [_thread_blocked, id=18880, stack(0x0000000022fd0000,0x00000000230d0000)]
  0x000000001b36f000 JavaThread "Cache worker for execution history cache (C:\Users\User\.gradle\caches\6.7.1\executionHistory)" [_thread_blocked, id=10584, stack(0x00000000228d0000,0x00000000229d0000)]
  0x000000001b371000 JavaThread "Cache worker for cache directory md-rule (C:\Users\User\.gradle\caches\6.7.1\md-rule)" [_thread_blocked, id=15072, stack(0x00000000227d0000,0x00000000228d0000)]
  0x000000001b36f800 JavaThread "Cache worker for cache directory md-supplier (C:\Users\User\.gradle\caches\6.7.1\md-supplier)" [_thread_blocked, id=11512, stack(0x00000000226d0000,0x00000000227d0000)]
  0x000000001b36d800 JavaThread "Cache worker for checksums cache (D:\NguyenNhutTan\do_an\vocabulary_app\.gradle\checksums)" [_thread_blocked, id=19796, stack(0x00000000225d0000,0x00000000226d0000)]
  0x000000001c91a800 JavaThread "jar transforms Thread 7" [_thread_blocked, id=4228, stack(0x00000000222d0000,0x00000000223d0000)]
  0x000000001c919800 JavaThread "jar transforms Thread 6" [_thread_blocked, id=7192, stack(0x00000000221d0000,0x00000000222d0000)]
  0x000000001c91f800 JavaThread "jar transforms Thread 5" [_thread_blocked, id=4616, stack(0x0000000021100000,0x0000000021200000)]
  0x000000001c91f000 JavaThread "jar transforms Thread 4" [_thread_blocked, id=8832, stack(0x0000000021000000,0x0000000021100000)]
  0x000000001c91c800 JavaThread "jar transforms Thread 3" [_thread_blocked, id=2984, stack(0x0000000020f00000,0x0000000021000000)]
  0x000000001c91d800 JavaThread "jar transforms Thread 2" [_thread_blocked, id=9620, stack(0x0000000020e00000,0x0000000020f00000)]
  0x000000001c91e000 JavaThread "jar transforms" [_thread_blocked, id=16840, stack(0x0000000020d00000,0x0000000020e00000)]
  0x000000001c91c000 JavaThread "Cache worker for file hash cache (D:\NguyenNhutTan\do_an\vocabulary_app\.gradle\6.7.1\fileHashes)" [_thread_blocked, id=20216, stack(0x0000000020c00000,0x0000000020d00000)]
  0x000000001c91b000 JavaThread "Cache worker for journal cache (C:\Users\User\.gradle\caches\journal-1)" [_thread_blocked, id=17352, stack(0x000000001f730000,0x000000001f830000)]
  0x000000001c920800 JavaThread "File lock request listener" [_thread_in_native, id=18832, stack(0x000000001e660000,0x000000001e760000)]
  0x000000001ca25800 JavaThread "Cache worker for file hash cache (C:\Users\User\.gradle\caches\6.7.1\fileHashes)" [_thread_blocked, id=10852, stack(0x000000001e560000,0x000000001e660000)]
  0x000000001a89b000 JavaThread "Thread-9" [_thread_blocked, id=10976, stack(0x000000001e260000,0x000000001e360000)]
  0x000000001c7e4800 JavaThread "Stdin handler" [_thread_blocked, id=3252, stack(0x000000001e160000,0x000000001e260000)]
  0x000000001c8f5800 JavaThread "Asynchronous log dispatcher for DefaultDaemonConnection: socket connection from /127.0.0.1:53694 to /127.0.0.1:53695" [_thread_blocked, id=13488, stack(0x000000001e060000,0x000000001e160000)]
  0x000000001c7e1800 JavaThread "Daemon worker" [_thread_in_vm, id=10836, stack(0x000000001df60000,0x000000001e060000)]
  0x000000001a737000 JavaThread "Cancel handler" [_thread_blocked, id=15668, stack(0x000000001dd60000,0x000000001de60000)]
  0x000000001c76e000 JavaThread "Handler for socket connection from /127.0.0.1:53694 to /127.0.0.1:53695" [_thread_in_native, id=15128, stack(0x000000001dc60000,0x000000001dd60000)]
  0x000000001c771000 JavaThread "Daemon" [_thread_blocked, id=14956, stack(0x000000001d960000,0x000000001da60000)]
  0x000000001c769000 JavaThread "Daemon periodic checks" [_thread_blocked, id=10556, stack(0x000000001d860000,0x000000001d960000)]
  0x000000001c718000 JavaThread "Incoming local TCP Connector on port 53694" [_thread_in_native, id=19264, stack(0x000000001d620000,0x000000001d720000)]
  0x000000001c6b3800 JavaThread "Daemon health stats" [_thread_blocked, id=19384, stack(0x000000001bde0000,0x000000001bee0000)]
  0x00000000197cf800 JavaThread "Service Thread" daemon [_thread_blocked, id=2296, stack(0x000000001a410000,0x000000001a510000)]
  0x0000000019757800 JavaThread "C1 CompilerThread3" daemon [_thread_blocked, id=10784, stack(0x000000001a310000,0x000000001a410000)]
  0x000000001974f000 JavaThread "C2 CompilerThread2" daemon [_thread_in_native, id=18204, stack(0x000000001a210000,0x000000001a310000)]
  0x000000001974a000 JavaThread "C2 CompilerThread1" daemon [_thread_in_native, id=7868, stack(0x000000001a110000,0x000000001a210000)]
=>0x0000000019744800 JavaThread "C2 CompilerThread0" daemon [_thread_in_native, id=14712, stack(0x000000001a010000,0x000000001a110000)]
  0x0000000019741800 JavaThread "Attach Listener" daemon [_thread_blocked, id=11776, stack(0x0000000019f10000,0x000000001a010000)]
  0x0000000019740000 JavaThread "Signal Dispatcher" daemon [_thread_blocked, id=14616, stack(0x0000000019e10000,0x0000000019f10000)]
  0x0000000002898000 JavaThread "Finalizer" daemon [_thread_blocked, id=9780, stack(0x0000000019c10000,0x0000000019d10000)]
  0x0000000019730800 JavaThread "Reference Handler" daemon [_thread_blocked, id=17092, stack(0x0000000019b10000,0x0000000019c10000)]
  0x00000000027a2800 JavaThread "main" [_thread_blocked, id=15032, stack(0x0000000002650000,0x0000000002750000)]

Other Threads:
  0x0000000017908000 VMThread [stack: 0x0000000019610000,0x0000000019710000] [id=14676]
  0x00000000197d0800 WatcherThread [stack: 0x000000001a510000,0x000000001a610000] [id=7456]

VM state:not at safepoint (normal execution)

VM Mutex/Monitor currently owned by a thread: None

heap address: 0x0000000080000000, size: 2048 MB, Compressed Oops mode: 32-bit
Narrow klass base: 0x0000000000000000, Narrow klass shift: 3
Compressed class space size: 1073741824 Address: 0x0000000100000000

Heap:
 PSYoungGen      total 179712K, used 27218K [0x00000000d5580000, 0x00000000e4c80000, 0x0000000100000000)
  eden space 167936K, 9% used [0x00000000d5580000,0x00000000d649c9d0,0x00000000df980000)
  from space 11776K, 99% used [0x00000000df980000,0x00000000e04f8050,0x00000000e0500000)
  to   space 17920K, 0% used [0x00000000e3b00000,0x00000000e3b00000,0x00000000e4c80000)
 ParOldGen       total 79360K, used 30933K [0x0000000080000000, 0x0000000084d80000, 0x00000000d5580000)
  object space 79360K, 38% used [0x0000000080000000,0x0000000081e35788,0x0000000084d80000)
 Metaspace       used 52414K, capacity 54712K, committed 54912K, reserved 1097728K
  class space    used 7043K, capacity 7522K, committed 7552K, reserved 1048576K

Card table byte_map: [0x0000000011c60000,0x0000000012070000] byte_map_base: 0x0000000011860000

Marking Bits: (ParMarkBitMap*) 0x000000005b27f030
 Begin Bits: [0x0000000012b20000, 0x0000000014b20000)
 End Bits:   [0x0000000014b20000, 0x0000000016b20000)

Polling page: 0x0000000000890000

CodeCache: size=245760Kb used=15426Kb max_used=15426Kb free=230333Kb
 bounds [0x00000000028a0000, 0x00000000037c0000, 0x00000000118a0000]
 total_blobs=5178 nmethods=4419 adapters=672
 compilation: enabled

Compilation events (10 events):
Event: 10.943 Thread 0x0000000019757800 4879       3       com.google.common.base.Preconditions::checkNotNull (14 bytes)
Event: 10.943 Thread 0x0000000019757800 nmethod 4879 0x00000000037bd3d0 code [0x00000000037bd540, 0x00000000037bd768]
Event: 10.943 Thread 0x0000000019757800 4880       3       java.lang.Enum::hashCode (5 bytes)
Event: 10.943 Thread 0x0000000019757800 nmethod 4880 0x00000000037bd850 code [0x00000000037bd9c0, 0x00000000037bdb48]
Event: 10.947 Thread 0x0000000019757800 4881       1       com.android.build.gradle.internal.publishing.OutputSpecImpl::getOutputType (5 bytes)
Event: 10.947 Thread 0x0000000019757800 nmethod 4881 0x00000000037bdbd0 code [0x00000000037bdd20, 0x00000000037bde30]
Event: 10.951 Thread 0x0000000019757800 4882       1       com.android.build.gradle.internal.publishing.OutputSpecImpl::getArtifactType (5 bytes)
Event: 10.951 Thread 0x0000000019757800 nmethod 4882 0x00000000037bde90 code [0x00000000037bdfe0, 0x00000000037be0f0]
Event: 10.951 Thread 0x0000000019757800 4883       1       com.android.build.gradle.internal.publishing.OutputSpecImpl::getPublishedConfigTypes (5 bytes)
Event: 10.951 Thread 0x0000000019757800 nmethod 4883 0x00000000037be150 code [0x00000000037be2a0, 0x00000000037be3b0]

GC Heap History (10 events):
Event: 5.555 GC heap before
{Heap before GC invocations=9 (full 1):
 PSYoungGen      total 76800K, used 65536K [0x00000000d5580000, 0x00000000dea80000, 0x0000000100000000)
  eden space 65536K, 100% used [0x00000000d5580000,0x00000000d9580000,0x00000000d9580000)
  from space 11264K, 0% used [0x00000000d9580000,0x00000000d9580000,0x00000000da080000)
  to   space 10752K, 0% used [0x00000000de000000,0x00000000de000000,0x00000000dea80000)
 ParOldGen       total 52224K, used 7865K [0x0000000080000000, 0x0000000083300000, 0x00000000d5580000)
  object space 52224K, 15% used [0x0000000080000000,0x00000000807ae768,0x0000000083300000)
 Metaspace       used 25616K, capacity 26634K, committed 26752K, reserved 1073152K
  class space    used 3666K, capacity 3929K, committed 3968K, reserved 1048576K
Event: 5.561 GC heap after
Heap after GC invocations=9 (full 1):
 PSYoungGen      total 122880K, used 6456K [0x00000000d5580000, 0x00000000de680000, 0x0000000100000000)
  eden space 116224K, 0% used [0x00000000d5580000,0x00000000d5580000,0x00000000dc700000)
  from space 6656K, 97% used [0x00000000de000000,0x00000000de64e290,0x00000000de680000)
  to   space 10240K, 0% used [0x00000000dd280000,0x00000000dd280000,0x00000000ddc80000)
 ParOldGen       total 52224K, used 7873K [0x0000000080000000, 0x0000000083300000, 0x00000000d5580000)
  object space 52224K, 15% used [0x0000000080000000,0x00000000807b0768,0x0000000083300000)
 Metaspace       used 25616K, capacity 26634K, committed 26752K, reserved 1073152K
  class space    used 3666K, capacity 3929K, committed 3968K, reserved 1048576K
}
Event: 6.616 GC heap before
{Heap before GC invocations=10 (full 1):
 PSYoungGen      total 122880K, used 100318K [0x00000000d5580000, 0x00000000de680000, 0x0000000100000000)
  eden space 116224K, 80% used [0x00000000d5580000,0x00000000db1295b0,0x00000000dc700000)
  from space 6656K, 97% used [0x00000000de000000,0x00000000de64e290,0x00000000de680000)
  to   space 10240K, 0% used [0x00000000dd280000,0x00000000dd280000,0x00000000ddc80000)
 ParOldGen       total 52224K, used 7873K [0x0000000080000000, 0x0000000083300000, 0x00000000d5580000)
  object space 52224K, 15% used [0x0000000080000000,0x00000000807b0768,0x0000000083300000)
 Metaspace       used 34160K, capacity 35354K, committed 35456K, reserved 1079296K
  class space    used 4660K, capacity 4926K, committed 4992K, reserved 1048576K
Event: 6.626 GC heap after
Heap after GC invocations=10 (full 1):
 PSYoungGen      total 138240K, used 10215K [0x00000000d5580000, 0x00000000e1100000, 0x0000000100000000)
  eden space 128000K, 0% used [0x00000000d5580000,0x00000000d5580000,0x00000000dd280000)
  from space 10240K, 99% used [0x00000000dd280000,0x00000000ddc79d70,0x00000000ddc80000)
  to   space 11776K, 0% used [0x00000000e0580000,0x00000000e0580000,0x00000000e1100000)
 ParOldGen       total 52224K, used 8966K [0x0000000080000000, 0x0000000083300000, 0x00000000d5580000)
  object space 52224K, 17% used [0x0000000080000000,0x00000000808c1af0,0x0000000083300000)
 Metaspace       used 34160K, capacity 35354K, committed 35456K, reserved 1079296K
  class space    used 4660K, capacity 4926K, committed 4992K, reserved 1048576K
}
Event: 6.626 GC heap before
{Heap before GC invocations=11 (full 2):
 PSYoungGen      total 138240K, used 10215K [0x00000000d5580000, 0x00000000e1100000, 0x0000000100000000)
  eden space 128000K, 0% used [0x00000000d5580000,0x00000000d5580000,0x00000000dd280000)
  from space 10240K, 99% used [0x00000000dd280000,0x00000000ddc79d70,0x00000000ddc80000)
  to   space 11776K, 0% used [0x00000000e0580000,0x00000000e0580000,0x00000000e1100000)
 ParOldGen       total 52224K, used 8966K [0x0000000080000000, 0x0000000083300000, 0x00000000d5580000)
  object space 52224K, 17% used [0x0000000080000000,0x00000000808c1af0,0x0000000083300000)
 Metaspace       used 34160K, capacity 35354K, committed 35456K, reserved 1079296K
  class space    used 4660K, capacity 4926K, committed 4992K, reserved 1048576K
Event: 6.665 GC heap after
Heap after GC invocations=11 (full 2):
 PSYoungGen      total 138240K, used 0K [0x00000000d5580000, 0x00000000e1100000, 0x0000000100000000)
  eden space 128000K, 0% used [0x00000000d5580000,0x00000000d5580000,0x00000000dd280000)
  from space 10240K, 0% used [0x00000000dd280000,0x00000000dd280000,0x00000000ddc80000)
  to   space 11776K, 0% used [0x00000000e0580000,0x00000000e0580000,0x00000000e1100000)
 ParOldGen       total 79360K, used 18218K [0x0000000080000000, 0x0000000084d80000, 0x00000000d5580000)
  object space 79360K, 22% used [0x0000000080000000,0x00000000811cab80,0x0000000084d80000)
 Metaspace       used 34160K, capacity 35354K, committed 35456K, reserved 1079296K
  class space    used 4660K, capacity 4926K, committed 4992K, reserved 1048576K
}
Event: 8.388 GC heap before
{Heap before GC invocations=12 (full 2):
 PSYoungGen      total 138240K, used 128000K [0x00000000d5580000, 0x00000000e1100000, 0x0000000100000000)
  eden space 128000K, 100% used [0x00000000d5580000,0x00000000dd280000,0x00000000dd280000)
  from space 10240K, 0% used [0x00000000dd280000,0x00000000dd280000,0x00000000ddc80000)
  to   space 11776K, 0% used [0x00000000e0580000,0x00000000e0580000,0x00000000e1100000)
 ParOldGen       total 79360K, used 18218K [0x0000000080000000, 0x0000000084d80000, 0x00000000d5580000)
  object space 79360K, 22% used [0x0000000080000000,0x00000000811cab80,0x0000000084d80000)
 Metaspace       used 37936K, capacity 39796K, committed 39936K, reserved 1083392K
  class space    used 5213K, capacity 5594K, committed 5632K, reserved 1048576K
Event: 8.397 GC heap after
Heap after GC invocations=12 (full 2):
 PSYoungGen      total 179200K, used 8354K [0x00000000d5580000, 0x00000000e1080000, 0x0000000100000000)
  eden space 167936K, 0% used [0x00000000d5580000,0x00000000d5580000,0x00000000df980000)
  from space 11264K, 74% used [0x00000000e0580000,0x00000000e0da8908,0x00000000e1080000)
  to   space 11776K, 0% used [0x00000000df980000,0x00000000df980000,0x00000000e0500000)
 ParOldGen       total 79360K, used 18226K [0x0000000080000000, 0x0000000084d80000, 0x00000000d5580000)
  object space 79360K, 22% used [0x0000000080000000,0x00000000811ccb80,0x0000000084d80000)
 Metaspace       used 37936K, capacity 39796K, committed 39936K, reserved 1083392K
  class space    used 5213K, capacity 5594K, committed 5632K, reserved 1048576K
}
Event: 10.826 GC heap before
{Heap before GC invocations=13 (full 2):
 PSYoungGen      total 179200K, used 176290K [0x00000000d5580000, 0x00000000e1080000, 0x0000000100000000)
  eden space 167936K, 100% used [0x00000000d5580000,0x00000000df980000,0x00000000df980000)
  from space 11264K, 74% used [0x00000000e0580000,0x00000000e0da8908,0x00000000e1080000)
  to   space 11776K, 0% used [0x00000000df980000,0x00000000df980000,0x00000000e0500000)
 ParOldGen       total 79360K, used 18226K [0x0000000080000000, 0x0000000084d80000, 0x00000000d5580000)
  object space 79360K, 22% used [0x0000000080000000,0x00000000811ccb80,0x0000000084d80000)
 Metaspace       used 51455K, capacity 53740K, committed 53760K, reserved 1095680K
  class space    used 6915K, capacity 7416K, committed 7424K, reserved 1048576K
Event: 10.844 GC heap after
Heap after GC invocations=13 (full 2):
 PSYoungGen      total 179712K, used 11744K [0x00000000d5580000, 0x00000000e4c80000, 0x0000000100000000)
  eden space 167936K, 0% used [0x00000000d5580000,0x00000000d5580000,0x00000000df980000)
  from space 11776K, 99% used [0x00000000df980000,0x00000000e04f8050,0x00000000e0500000)
  to   space 17920K, 0% used [0x00000000e3b00000,0x00000000e3b00000,0x00000000e4c80000)
 ParOldGen       total 79360K, used 30933K [0x0000000080000000, 0x0000000084d80000, 0x00000000d5580000)
  object space 79360K, 38% used [0x0000000080000000,0x0000000081e35788,0x0000000084d80000)
 Metaspace       used 51455K, capacity 53740K, committed 53760K, reserved 1095680K
  class space    used 6915K, capacity 7416K, committed 7424K, reserved 1048576K
}

Deoptimization events (10 events):
Event: 10.427 Thread 0x000000001c7e1800 Uncommon trap: reason=unstable_if action=reinterpret pc=0x00000000033b64b4 method=com.sun.org.apache.xerces.internal.impl.XMLEntityScanner.checkBeforeLoad(Lcom/sun/xml/internal/stream/Entity$ScannedEntity;II)I @ 18
Event: 10.493 Thread 0x000000001c7e1800 Uncommon trap: reason=unstable_if action=reinterpret pc=0x000000000352b7f0 method=org.gradle.internal.instantiation.generator.AbstractClassGenerator$InjectionAnnotationValidator.validateMethod(Ljava/lang/reflect/Method;Lorg/gradle/internal/reflect/Propert
Event: 10.493 Thread 0x000000001c7e1800 Uncommon trap: reason=unstable_if action=reinterpret pc=0x0000000003539798 method=org.gradle.internal.instantiation.generator.AbstractClassGenerator$InjectionAnnotationValidator.validateMethod(Ljava/lang/reflect/Method;Lorg/gradle/internal/reflect/Propert
Event: 10.552 Thread 0x000000001c7e1800 Uncommon trap: reason=null_check action=make_not_entrant pc=0x00000000030b4b50 method=java.lang.Class.searchMethods([Ljava/lang/reflect/Method;Ljava/lang/String;[Ljava/lang/Class;)Ljava/lang/reflect/Method; @ 59
Event: 10.667 Thread 0x000000001c7e1800 Uncommon trap: reason=unstable_if action=reinterpret pc=0x0000000002ea99b4 method=org.codehaus.groovy.runtime.metaclass.MetaMethodIndex.isNonRealMethod(Lgroovy/lang/MetaMethod;)Z @ 4
Event: 10.668 Thread 0x000000001c7e1800 Uncommon trap: reason=unstable_if action=reinterpret pc=0x00000000034e8ddc method=groovy.lang.MetaClassImpl$1MOPIter.methodNameAction(Ljava/lang/Class;Lorg/codehaus/groovy/runtime/metaclass/MetaMethodIndex$Entry;)V @ 182
Event: 10.679 Thread 0x000000001c7e1800 Uncommon trap: reason=class_check action=maybe_recompile pc=0x0000000003028d68 method=java.util.WeakHashMap.eq(Ljava/lang/Object;Ljava/lang/Object;)Z @ 7
Event: 10.681 Thread 0x000000001c7e1800 Uncommon trap: reason=unstable_if action=reinterpret pc=0x00000000035c1968 method=java.lang.ClassLoader.checkCerts(Ljava/lang/String;Ljava/security/CodeSource;)V @ 29
Event: 10.692 Thread 0x000000001c7e1800 Uncommon trap: reason=class_check action=maybe_recompile pc=0x0000000003028d68 method=java.util.WeakHashMap.eq(Ljava/lang/Object;Ljava/lang/Object;)Z @ 7
Event: 10.760 Thread 0x000000001c7e1800 Uncommon trap: reason=unstable_if action=reinterpret pc=0x00000000035dac40 method=java.lang.ClassLoader.checkCerts(Ljava/lang/String;Ljava/security/CodeSource;)V @ 29

Classes redefined (0 events):
No events

Internal exceptions (10 events):
Event: 10.783 Thread 0x000000001c7e1800 Exception <a 'java/lang/ClassNotFoundException': build_94j6mt1h71k8srmak4j66zwtp$_run_closure2$_closure8BeanInfo> (0x00000000df6b5d80) thrown at [C:\src\AOSP-openjdk-git\hotspot\src\share\vm\classfile\systemDictionary.cpp, line 210]
Event: 10.784 Thread 0x000000001c7e1800 Exception <a 'java/lang/ClassNotFoundException': build_94j6mt1h71k8srmak4j66zwtp$_run_closure2$_closure8Customizer> (0x00000000df6c8450) thrown at [C:\src\AOSP-openjdk-git\hotspot\src\share\vm\classfile\systemDictionary.cpp, line 210]
Event: 10.785 Thread 0x000000001c7e1800 Exception <a 'java/lang/ClassNotFoundException': build_94j6mt1h71k8srmak4j66zwtp$_run_closure2BeanInfo> (0x00000000df6fb870) thrown at [C:\src\AOSP-openjdk-git\hotspot\src\share\vm\classfile\systemDictionary.cpp, line 210]
Event: 10.785 Thread 0x000000001c7e1800 Exception <a 'java/lang/ClassNotFoundException': build_94j6mt1h71k8srmak4j66zwtp$_run_closure2Customizer> (0x00000000df70c928) thrown at [C:\src\AOSP-openjdk-git\hotspot\src\share\vm\classfile\systemDictionary.cpp, line 210]
Event: 10.813 Thread 0x000000001c7e1800 Exception <a 'java/lang/ClassNotFoundException': java/lang/StringBeanInfo> (0x00000000df842b50) thrown at [C:\src\AOSP-openjdk-git\hotspot\src\share\vm\classfile\systemDictionary.cpp, line 210]
Event: 10.813 Thread 0x000000001c7e1800 Exception <a 'java/lang/ClassNotFoundException': java/lang/StringCustomizer> (0x00000000df84ecc8) thrown at [C:\src\AOSP-openjdk-git\hotspot\src\share\vm\classfile\systemDictionary.cpp, line 210]
Event: 10.824 Thread 0x000000001c7e1800 Exception <a 'java/lang/ClassNotFoundException': org/gradle/internal/credentials/DefaultPasswordCredentials_DecoratedBeanInfo> (0x00000000df8f42b8) thrown at [C:\src\AOSP-openjdk-git\hotspot\src\share\vm\classfile\systemDictionary.cpp, line 210]
Event: 10.825 Thread 0x000000001c7e1800 Exception <a 'java/lang/ClassNotFoundException': org/gradle/internal/credentials/DefaultPasswordCredentialsBeanInfo> (0x00000000df93bbc8) thrown at [C:\src\AOSP-openjdk-git\hotspot\src\share\vm\classfile\systemDictionary.cpp, line 210]
Event: 10.845 Thread 0x000000001c7e1800 Exception <a 'java/lang/ClassNotFoundException': org/gradle/internal/credentials/DefaultPasswordCredentialsCustomizer> (0x00000000d5585cc0) thrown at [C:\src\AOSP-openjdk-git\hotspot\src\share\vm\classfile\systemDictionary.cpp, line 210]
Event: 10.850 Thread 0x000000001c7e1800 Exception <a 'java/lang/ClassNotFoundException': org/gradle/internal/credentials/DefaultPasswordCredentials_DecoratedCustomizer> (0x00000000d55dd6f0) thrown at [C:\src\AOSP-openjdk-git\hotspot\src\share\vm\classfile\systemDictionary.cpp, line 210]

Events (10 events):
Event: 10.960 loading class kotlin/jvm/internal/markers/KMappedMarker
Event: 10.960 loading class kotlin/jvm/internal/markers/KMappedMarker done
Event: 10.961 loading class com/android/builder/compiling/BuildConfigType
Event: 10.961 loading class com/android/builder/compiling/BuildConfigType done
Event: 10.961 loading class com/android/build/api/component/impl/ComponentPropertiesImpl$Companion
Event: 10.961 loading class com/android/build/api/component/impl/ComponentPropertiesImpl$Companion done
Event: 10.962 loading class com/android/build/api/variant/BuildConfigField
Event: 10.962 loading class com/android/build/api/variant/BuildConfigField done
Event: 10.962 loading class com/android/build/api/variant/impl/ResValue$Key
Event: 10.962 loading class com/android/build/api/variant/impl/ResValue$Key done


Dynamic libraries:
0x00007ff6e6390000 - 0x00007ff6e63c1000 	C:\Program Files\Android\Android Studio\jre\bin\java.exe
0x00007ffe35310000 - 0x00007ffe35505000 	C:\WINDOWS\SYSTEM32\ntdll.dll
0x00007ffe34820000 - 0x00007ffe348dd000 	C:\WINDOWS\System32\KERNEL32.DLL
0x00007ffe32f90000 - 0x00007ffe33258000 	C:\WINDOWS\System32\KERNELBASE.dll
0x00007ffe34770000 - 0x00007ffe3481c000 	C:\WINDOWS\System32\ADVAPI32.dll
0x00007ffe34a30000 - 0x00007ffe34ace000 	C:\WINDOWS\System32\msvcrt.dll
0x00007ffe343d0000 - 0x00007ffe3446b000 	C:\WINDOWS\System32\sechost.dll
0x00007ffe34dd0000 - 0x00007ffe34efb000 	C:\WINDOWS\System32\RPCRT4.dll
0x00007ffe34f00000 - 0x00007ffe350a0000 	C:\WINDOWS\System32\USER32.dll
0x00007ffe32bb0000 - 0x00007ffe32bd2000 	C:\WINDOWS\System32\win32u.dll
0x00007ffe35150000 - 0x00007ffe3517a000 	C:\WINDOWS\System32\GDI32.dll
0x00007ffe33260000 - 0x00007ffe3336b000 	C:\WINDOWS\System32\gdi32full.dll
0x00007ffe32e40000 - 0x00007ffe32edd000 	C:\WINDOWS\System32\msvcp_win.dll
0x00007ffe32c90000 - 0x00007ffe32d90000 	C:\WINDOWS\System32\ucrtbase.dll
0x00007ffe250f0000 - 0x00007ffe2538a000 	C:\WINDOWS\WinSxS\amd64_microsoft.windows.common-controls_6595b64144ccf1df_6.0.19041.844_none_ca00b6081b84eb1d\COMCTL32.dll
0x00007ffe352a0000 - 0x00007ffe352d0000 	C:\WINDOWS\System32\IMM32.DLL
0x000000005a9d0000 - 0x000000005aaa2000 	C:\Program Files\Android\Android Studio\jre\jre\bin\msvcr100.dll
0x000000005aab0000 - 0x000000005b2fb000 	C:\Program Files\Android\Android Studio\jre\jre\bin\server\jvm.dll
0x00007ffe34c80000 - 0x00007ffe34c88000 	C:\WINDOWS\System32\PSAPI.DLL
0x00007ffe2a7a0000 - 0x00007ffe2a7aa000 	C:\WINDOWS\SYSTEM32\VERSION.dll
0x00007ffe25ae0000 - 0x00007ffe25b07000 	C:\WINDOWS\SYSTEM32\WINMM.dll
0x00007ffe1c580000 - 0x00007ffe1c589000 	C:\WINDOWS\SYSTEM32\WSOCK32.dll
0x00007ffe34520000 - 0x00007ffe3458b000 	C:\WINDOWS\System32\WS2_32.dll
0x00007ffe2d5e0000 - 0x00007ffe2d5ef000 	C:\Program Files\Android\Android Studio\jre\jre\bin\verify.dll
0x00007ffe22100000 - 0x00007ffe22129000 	C:\Program Files\Android\Android Studio\jre\jre\bin\java.dll
0x00007ffe267e0000 - 0x00007ffe267f6000 	C:\Program Files\Android\Android Studio\jre\jre\bin\zip.dll
0x00007ffe337b0000 - 0x00007ffe33ef2000 	C:\WINDOWS\System32\SHELL32.dll
0x00007ffe30b60000 - 0x00007ffe312f0000 	C:\WINDOWS\SYSTEM32\windows.storage.dll
0x00007ffe33380000 - 0x00007ffe336d5000 	C:\WINDOWS\System32\combase.dll
0x00007ffe324c0000 - 0x00007ffe324ec000 	C:\WINDOWS\SYSTEM32\Wldp.dll
0x00007ffe350a0000 - 0x00007ffe3514e000 	C:\WINDOWS\System32\SHCORE.dll
0x00007ffe33f00000 - 0x00007ffe33f55000 	C:\WINDOWS\System32\shlwapi.dll
0x00007ffe32990000 - 0x00007ffe329af000 	C:\WINDOWS\SYSTEM32\profapi.dll
0x00007ffe1d370000 - 0x00007ffe1d38a000 	C:\Program Files\Android\Android Studio\jre\jre\bin\net.dll
0x00007ffe32230000 - 0x00007ffe3229a000 	C:\WINDOWS\system32\mswsock.dll
0x00007ffe133f0000 - 0x00007ffe13403000 	C:\Program Files\Android\Android Studio\jre\jre\bin\nio.dll
0x00007ffe11dd0000 - 0x00007ffe11df7000 	C:\Users\User\.gradle\native\fdc75f09e3144964f2cf3f50f0aa648679c211496f362492102eb8c894070792\windows-amd64\native-platform.dll
0x00007ffdff250000 - 0x00007ffdff3e6000 	C:\Users\User\.gradle\native\12488b8bf47d2d4c9fbf2f6322a914ad602e24e48041cd04a747c6da556b65c4\windows-amd64\native-platform-file-events.dll
0x00007ffe2cd40000 - 0x00007ffe2cd4d000 	C:\Program Files\Android\Android Studio\jre\jre\bin\management.dll
0x00007ffe32400000 - 0x00007ffe32418000 	C:\WINDOWS\SYSTEM32\CRYPTSP.dll
0x00007ffe31b60000 - 0x00007ffe31b94000 	C:\WINDOWS\system32\rsaenh.dll
0x00007ffe32ee0000 - 0x00007ffe32f07000 	C:\WINDOWS\System32\bcrypt.dll
0x00007ffe32910000 - 0x00007ffe3293e000 	C:\WINDOWS\SYSTEM32\USERENV.dll
0x00007ffe32f10000 - 0x00007ffe32f90000 	C:\WINDOWS\System32\bcryptprimitives.dll
0x00007ffe32420000 - 0x00007ffe3242c000 	C:\WINDOWS\SYSTEM32\CRYPTBASE.dll
0x00007ffe31ed0000 - 0x00007ffe31f0b000 	C:\WINDOWS\SYSTEM32\IPHLPAPI.DLL
0x00007ffe33370000 - 0x00007ffe33378000 	C:\WINDOWS\System32\NSI.dll
0x00007ffe2a980000 - 0x00007ffe2a997000 	C:\WINDOWS\SYSTEM32\dhcpcsvc6.DLL
0x00007ffe2b460000 - 0x00007ffe2b47d000 	C:\WINDOWS\SYSTEM32\dhcpcsvc.DLL
0x00007ffe31f10000 - 0x00007ffe31fdc000 	C:\WINDOWS\SYSTEM32\DNSAPI.dll
0x00007ffe2bab0000 - 0x00007ffe2babb000 	C:\WINDOWS\SYSTEM32\WINNSI.DLL

VM Arguments:
jvm_args: -Xmx2048m -Dfile.encoding=UTF-8 -Duser.country=US -Duser.language=en -Duser.variant 
java_command: org.gradle.launcher.daemon.bootstrap.GradleDaemon 6.7.1
java_class_path (initial): C:\Users\User\.gradle\wrapper\dists\gradle-6.7.1-all\2moa8rlfac5eqlcfgk98k0deb\gradle-6.7.1\lib\gradle-launcher-6.7.1.jar
Launcher Type: SUN_STANDARD

Environment Variables:
PATH=C:\Program Files (x86)\Intel\iCLS Client\;C:\Program Files\Intel\iCLS Client\;C:\Windows\system32;C:\Windows;C:\Windows\System32\Wbem;C:\Windows\System32\WindowsPowerShell\v1.0\;C:\Windows\System32\OpenSSH\;C:\Program Files (x86)\NVIDIA Corporation\PhysX\Common;C:\Program Files\NVIDIA Corporation\NVIDIA NvDLISR;C:\Program Files (x86)\Intel\Intel(R) Management Engine Components\DAL;C:\Program Files\Intel\Intel(R) Management Engine Components\DAL;C:\Program Files (x86)\Intel\Intel(R) Management Engine Components\IPT;C:\Program Files\Intel\Intel(R) Management Engine Components\IPT;C:\Program Files (x86)\IVI Foundation\VISA\WinNT\Bin\;C:\Program Files\IVI Foundation\VISA\Win64\Bin\;C:\Program Files (x86)\IVI Foundation\VISA\WinNT\Bin;C:\Program Files (x86)\Microsoft SQL Server\80\Tools\Binn\;C:\Program Files (x86)\Microsoft SQL Server\100\Tools\Binn\;C:\Program Files (x86)\Microsoft SQL Server\100\DTS\Binn\;C:\Program Files\Intel\WiFi\bin\;C:\Program Files\Common Files\Intel\WirelessCommon\;C:\Program Files\Microsoft SQL Server\130\Tools\Binn\;C:\Program Files (x86)\Microsoft Visual Studio\Shared\Python37_64;C:\WINDOWS\system32;C:\WINDOWS;C:\WINDOWS\System32\Wbem;C:\WINDOWS\System32\WindowsPowerShell\v1.0\;C:\WINDOWS\System32\OpenSSH\;C:\Program Files\dotnet\;C:\Program Files\Microsoft SQL Server\Client SDK\ODBC\170\Tools\Binn\;C:\Program Files (x86)\Microsoft SQL Server\150\DTS\Binn\;C:\Program Files (x86)\dotnet\;C:\Program Files\Git\cmd;C:\Program Files\nodejs\;C:\Users\User\AppData\Local\Programs\Python\Python39\Scripts\;C:\Users\User\AppData\Local\Programs\Python\Python39\;C:\Users\User\AppData\Local\Microsoft\WindowsApps;C:\Program Files\Intel\WiFi\bin\;C:\Program Files\Common Files\Intel\WirelessCommon\;C:\Users\User\.dotnet\tools;C:\Users\User\AppData\Local\Programs\Microsoft VS Code\bin;C:\Program Files (x86)\mingw-w64\i686-8.1.0-posix-dwarf-rt_v6-rev0\mingw32\bin;C:\Users\User\AppData\Local\GitHubDesktop\bin;C:\Users\User\AppData\Roaming\npm
USERNAME=User
OS=Windows_NT
PROCESSOR_IDENTIFIER=Intel64 Family 6 Model 142 Stepping 10, GenuineIntel



---------------  S Y S T E M  ---------------

OS: Windows 10.0 , 64 bit Build 19041 (10.0.19041.928)

CPU:total 8 (initial active 8) (4 cores per cpu, 2 threads per core) family 6 model 142 stepping 10, cmov, cx8, fxsr, mmx, sse, sse2, sse3, ssse3, sse4.1, sse4.2, popcnt, avx, avx2, aes, clmul, erms, 3dnowpref, lzcnt, ht, tsc, tscinvbit, bmi1, bmi2, adx

Memory: 4k page, physical 8272432k(515124k free), swap 16661040k(6616k free)

vm_info: OpenJDK 64-Bit Server VM (25.242-b01) for windows-amd64 JRE (1.8.0_242-release-1644-b01), built by "builder" with MS VC++ 10.0 (VS2010)

time: Thu Jun 17 08:26:20 2021
timezone: SE Asia Standard Time
elapsed time: 10 seconds (0d 0h 0m 10s)

