#
# There is insufficient memory for the Java Runtime Environment to continue.
# Native memory allocation (malloc) failed to allocate 910256 bytes for Chunk::new
# Possible reasons:
#   The system is out of physical RAM or swap space
#   The process is running with CompressedOops enabled, and the Java Heap may be blocking the growth of the native heap
# Possible solutions:
#   Reduce memory load on the system
#   Increase physical memory or swap space
#   Check if swap backing store is full
#   Decrease Java heap size (-Xmx/-Xms)
#   Decrease number of Java threads
#   Decrease Java thread stack sizes (-Xss)
#   Set larger code cache with -XX:ReservedCodeCacheSize=
#   JVM is running with Unscaled Compressed Oops mode in which the Java heap is
#     placed in the first 4GB address space. The Java Heap base address is the
#     maximum limit for the native heap growth. Please use -XX:HeapBaseMinAddress
#     to set the Java Heap base and to place the Java Heap above 4GB virtual address.
# This output file may be truncated or incomplete.
#
#  Out of Memory Error (allocation.cpp:389), pid=17784, tid=0x00000000000008bc
#
# JRE version: OpenJDK Runtime Environment (8.0_242-b01) (build 1.8.0_242-release-1644-b01)
# Java VM: OpenJDK 64-Bit Server VM (25.242-b01 mixed mode windows-amd64 compressed oops)
# Failed to write core dump. Minidumps are not enabled by default on client versions of Windows
#

---------------  T H R E A D  ---------------

Current thread (0x00000000193b5000):  JavaThread "C2 CompilerThread0" daemon [_thread_in_native, id=2236, stack(0x0000000019c80000,0x0000000019d80000)]

Stack: [0x0000000019c80000,0x0000000019d80000]
[error occurred during error reporting (printing stack bounds), id 0xc0000005]

Native frames: (J=compiled Java code, j=interpreted, Vv=VM code, C=native code)


Current CompileTask:
C2:  11103 2724       4       org.objectweb.asm.Frame::execute (2318 bytes)


---------------  P R O C E S S  ---------------

Java Threads: ( => current thread )
  0x000000001c1fb000 JavaThread "Cache worker for file content cache (C:\Users\User\.gradle\caches\6.7.1\fileContent)" [_thread_blocked, id=19080, stack(0x0000000021c40000,0x0000000021d40000)]
  0x000000001c201800 JavaThread "Cache worker for execution history cache (C:\Users\User\.gradle\caches\6.7.1\executionHistory)" [_thread_blocked, id=20088, stack(0x0000000021540000,0x0000000021640000)]
  0x000000001c1ff800 JavaThread "Cache worker for cache directory md-rule (C:\Users\User\.gradle\caches\6.7.1\md-rule)" [_thread_blocked, id=2264, stack(0x0000000021440000,0x0000000021540000)]
  0x000000001c200000 JavaThread "Cache worker for cache directory md-supplier (C:\Users\User\.gradle\caches\6.7.1\md-supplier)" [_thread_blocked, id=1976, stack(0x0000000021340000,0x0000000021440000)]
  0x000000001c201000 JavaThread "Cache worker for checksums cache (D:\NguyenNhutTan\do_an\vocabulary_app\.gradle\checksums)" [_thread_blocked, id=3104, stack(0x0000000021240000,0x0000000021340000)]
  0x000000001c1fe800 JavaThread "jar transforms Thread 7" [_thread_blocked, id=17096, stack(0x0000000020f40000,0x0000000021040000)]
  0x000000001c1fe000 JavaThread "jar transforms Thread 6" [_thread_blocked, id=18060, stack(0x0000000020e40000,0x0000000020f40000)]
  0x000000001c1f6800 JavaThread "jar transforms Thread 5" [_thread_blocked, id=7652, stack(0x0000000020d40000,0x0000000020e40000)]
  0x000000001c1f7000 JavaThread "jar transforms Thread 4" [_thread_blocked, id=20116, stack(0x0000000020c40000,0x0000000020d40000)]
  0x000000001c1f8000 JavaThread "jar transforms Thread 3" [_thread_blocked, id=12736, stack(0x0000000020b40000,0x0000000020c40000)]
  0x000000001c1fb800 JavaThread "jar transforms Thread 2" [_thread_blocked, id=12428, stack(0x0000000020a40000,0x0000000020b40000)]
  0x000000001c1fa000 JavaThread "jar transforms" [_thread_blocked, id=3308, stack(0x0000000020940000,0x0000000020a40000)]
  0x000000001c1f8800 JavaThread "Cache worker for file hash cache (D:\NguyenNhutTan\do_an\vocabulary_app\.gradle\6.7.1\fileHashes)" [_thread_blocked, id=12592, stack(0x0000000020840000,0x0000000020940000)]
  0x000000001c1fd000 JavaThread "Cache worker for journal cache (C:\Users\User\.gradle\caches\journal-1)" [_thread_blocked, id=16268, stack(0x000000001e3a0000,0x000000001e4a0000)]
  0x000000001c1fc800 JavaThread "File lock request listener" [_thread_in_native, id=14352, stack(0x000000001e2a0000,0x000000001e3a0000)]
  0x000000001c1f9800 JavaThread "Cache worker for file hash cache (C:\Users\User\.gradle\caches\6.7.1\fileHashes)" [_thread_blocked, id=6992, stack(0x000000001e1a0000,0x000000001e2a0000)]
  0x000000001bebd800 JavaThread "Thread-9" [_thread_blocked, id=908, stack(0x000000001dea0000,0x000000001dfa0000)]
  0x000000001bec4000 JavaThread "Stdin handler" [_thread_blocked, id=16088, stack(0x000000001dda0000,0x000000001dea0000)]
  0x000000001bec0800 JavaThread "Asynchronous log dispatcher for DefaultDaemonConnection: socket connection from /127.0.0.1:64315 to /127.0.0.1:64316" [_thread_blocked, id=16668, stack(0x000000001dca0000,0x000000001dda0000)]
  0x000000001bebf000 JavaThread "Daemon worker" [_thread_in_vm, id=13336, stack(0x000000001dba0000,0x000000001dca0000)]
  0x000000001bebf800 JavaThread "Cancel handler" [_thread_blocked, id=17220, stack(0x000000001d9a0000,0x000000001daa0000)]
  0x000000001bec3800 JavaThread "Handler for socket connection from /127.0.0.1:64315 to /127.0.0.1:64316" [_thread_in_native, id=16868, stack(0x000000001d8a0000,0x000000001d9a0000)]
  0x000000001bec2800 JavaThread "Daemon" [_thread_blocked, id=20340, stack(0x000000001d5a0000,0x000000001d6a0000)]
  0x000000001bec2000 JavaThread "Daemon periodic checks" [_thread_blocked, id=20368, stack(0x000000001d4a0000,0x000000001d5a0000)]
  0x000000001bec1000 JavaThread "Incoming local TCP Connector on port 64315" [_thread_in_native, id=20320, stack(0x000000001d260000,0x000000001d360000)]
  0x000000001bebe000 JavaThread "Daemon health stats" [_thread_blocked, id=15680, stack(0x000000001ca20000,0x000000001cb20000)]
  0x0000000019441000 JavaThread "Service Thread" daemon [_thread_blocked, id=13124, stack(0x000000001a080000,0x000000001a180000)]
  0x00000000193c5800 JavaThread "C1 CompilerThread3" daemon [_thread_blocked, id=18860, stack(0x0000000019f80000,0x000000001a080000)]
  0x00000000193c1800 JavaThread "C2 CompilerThread2" daemon [_thread_in_native, id=14164, stack(0x0000000019e80000,0x0000000019f80000)]
  0x00000000193b8000 JavaThread "C2 CompilerThread1" daemon [_thread_in_native, id=19820, stack(0x0000000019d80000,0x0000000019e80000)]
=>0x00000000193b5000 JavaThread "C2 CompilerThread0" daemon [_thread_in_native, id=2236, stack(0x0000000019c80000,0x0000000019d80000)]
  0x00000000193b1800 JavaThread "Attach Listener" daemon [_thread_blocked, id=14168, stack(0x0000000019b80000,0x0000000019c80000)]
  0x00000000193b0800 JavaThread "Signal Dispatcher" daemon [_thread_blocked, id=13892, stack(0x0000000019a80000,0x0000000019b80000)]
  0x0000000002538000 JavaThread "Finalizer" daemon [_thread_blocked, id=13364, stack(0x0000000019880000,0x0000000019980000)]
  0x00000000193a0800 JavaThread "Reference Handler" daemon [_thread_blocked, id=7244, stack(0x0000000019780000,0x0000000019880000)]
  0x0000000002442800 JavaThread "main" [_thread_blocked, id=836, stack(0x0000000002280000,0x0000000002380000)]

Other Threads:
  0x00000000175a8000 VMThread [stack: 0x0000000019280000,0x0000000019380000] [id=19984]
  0x0000000019441800 WatcherThread [stack: 0x000000001a180000,0x000000001a280000] [id=7920]

VM state:not at safepoint (normal execution)

VM Mutex/Monitor currently owned by a thread: None

heap address: 0x0000000080000000, size: 2048 MB, Compressed Oops mode: 32-bit
Narrow klass base: 0x0000000000000000, Narrow klass shift: 3
Compressed class space size: 1073741824 Address: 0x0000000100000000

Heap:
 PSYoungGen      total 55808K, used 18975K [0x00000000d5580000, 0x00000000d9600000, 0x0000000100000000)
  eden space 45568K, 32% used [0x00000000d5580000,0x00000000d6414b80,0x00000000d8200000)
  from space 10240K, 39% used [0x00000000d8200000,0x00000000d85f3168,0x00000000d8c00000)
  to   space 9728K, 0% used [0x00000000d8c80000,0x00000000d8c80000,0x00000000d9600000)
 ParOldGen       total 54784K, used 13122K [0x0000000080000000, 0x0000000083580000, 0x00000000d5580000)
  object space 54784K, 23% used [0x0000000080000000,0x0000000080cd0a58,0x0000000083580000)
 Metaspace       used 34131K, capacity 35376K, committed 35456K, reserved 1079296K
  class space    used 4658K, capacity 4955K, committed 4992K, reserved 1048576K

Card table byte_map: [0x0000000011900000,0x0000000011d10000] byte_map_base: 0x0000000011500000

Marking Bits: (ParMarkBitMap*) 0x000000005b41f030
 Begin Bits: [0x00000000127c0000, 0x00000000147c0000)
 End Bits:   [0x00000000147c0000, 0x00000000167c0000)

Polling page: 0x00000000005c0000

CodeCache: size=245760Kb used=9819Kb max_used=9819Kb free=235940Kb
 bounds [0x0000000002540000, 0x0000000002ee0000, 0x0000000011540000]
 total_blobs=3240 nmethods=2556 adapters=597
 compilation: enabled

Compilation events (10 events):
Event: 11.084 Thread 0x00000000193c5800 2774       1       com.google.common.collect.MapMakerInternalMap$AbstractStrongKeyEntry::getNext (5 bytes)
Event: 11.085 Thread 0x00000000193c5800 nmethod 2774 0x0000000002edbb90 code [0x0000000002edbce0, 0x0000000002edbdf0]
Event: 11.087 Thread 0x00000000193c5800 2775       3       sun.reflect.generics.visitor.Reifier::reifyTypeArguments (38 bytes)
Event: 11.087 Thread 0x00000000193c5800 nmethod 2775 0x0000000002edbe50 code [0x0000000002edbfe0, 0x0000000002edc4c8]
Event: 11.089 Thread 0x00000000193c5800 2776       3       sun.reflect.generics.reflectiveObjects.WildcardTypeImpl::getUpperBounds (72 bytes)
Event: 11.090 Thread 0x00000000193c5800 nmethod 2776 0x0000000002edc690 code [0x0000000002edc880, 0x0000000002edd2f8]
Event: 11.090 Thread 0x00000000193c5800 2777       3       org.codehaus.groovy.reflection.CachedField::<init> (18 bytes)
Event: 11.090 Thread 0x00000000193c5800 nmethod 2777 0x0000000002edd750 code [0x0000000002edd8c0, 0x0000000002eddc30]
Event: 11.100 Thread 0x00000000193c5800 2778       3       org.gradle.internal.instantiation.generator.AbstractClassGenerator$MethodMetadata::getName (8 bytes)
Event: 11.100 Thread 0x00000000193c5800 nmethod 2778 0x0000000002eddd50 code [0x0000000002eddea0, 0x0000000002ede090]

GC Heap History (10 events):
Event: 7.815 GC heap before
{Heap before GC invocations=8 (full 1):
 PSYoungGen      total 43008K, used 5161K [0x00000000d5580000, 0x00000000d8a00000, 0x0000000100000000)
  eden space 32256K, 0% used [0x00000000d5580000,0x00000000d5580000,0x00000000d7500000)
  from space 10752K, 48% used [0x00000000d7500000,0x00000000d7a0a4e8,0x00000000d7f80000)
  to   space 10240K, 0% used [0x00000000d7f80000,0x00000000d7f80000,0x00000000d8980000)
 ParOldGen       total 87552K, used 9010K [0x0000000080000000, 0x0000000085580000, 0x00000000d5580000)
  object space 87552K, 10% used [0x0000000080000000,0x00000000808ccaa0,0x0000000085580000)
 Metaspace       used 20375K, capacity 21196K, committed 21296K, reserved 1067008K
  class space    used 2910K, capacity 3125K, committed 3200K, reserved 1048576K
Event: 7.851 GC heap after
Heap after GC invocations=8 (full 1):
 PSYoungGen      total 43008K, used 0K [0x00000000d5580000, 0x00000000d8a00000, 0x0000000100000000)
  eden space 32256K, 0% used [0x00000000d5580000,0x00000000d5580000,0x00000000d7500000)
  from space 10752K, 0% used [0x00000000d7500000,0x00000000d7500000,0x00000000d7f80000)
  to   space 10240K, 0% used [0x00000000d7f80000,0x00000000d7f80000,0x00000000d8980000)
 ParOldGen       total 54784K, used 8667K [0x0000000080000000, 0x0000000083580000, 0x00000000d5580000)
  object space 54784K, 15% used [0x0000000080000000,0x0000000080876d48,0x0000000083580000)
 Metaspace       used 20375K, capacity 21196K, committed 21296K, reserved 1067008K
  class space    used 2910K, capacity 3125K, committed 3200K, reserved 1048576K
}
Event: 8.335 GC heap before
{Heap before GC invocations=9 (full 1):
 PSYoungGen      total 43008K, used 32256K [0x00000000d5580000, 0x00000000d8a00000, 0x0000000100000000)
  eden space 32256K, 100% used [0x00000000d5580000,0x00000000d7500000,0x00000000d7500000)
  from space 10752K, 0% used [0x00000000d7500000,0x00000000d7500000,0x00000000d7f80000)
  to   space 10240K, 0% used [0x00000000d7f80000,0x00000000d7f80000,0x00000000d8980000)
 ParOldGen       total 54784K, used 8667K [0x0000000080000000, 0x0000000083580000, 0x00000000d5580000)
  object space 54784K, 15% used [0x0000000080000000,0x0000000080876d48,0x0000000083580000)
 Metaspace       used 22066K, capacity 23022K, committed 23168K, reserved 1069056K
  class space    used 3194K, capacity 3455K, committed 3456K, reserved 1048576K
Event: 8.339 GC heap after
Heap after GC invocations=9 (full 1):
 PSYoungGen      total 42496K, used 2560K [0x00000000d5580000, 0x00000000da100000, 0x0000000100000000)
  eden space 32256K, 0% used [0x00000000d5580000,0x00000000d5580000,0x00000000d7500000)
  from space 10240K, 25% used [0x00000000d7f80000,0x00000000d82003d0,0x00000000d8980000)
  to   space 10752K, 0% used [0x00000000d7500000,0x00000000d7500000,0x00000000d7f80000)
 ParOldGen       total 54784K, used 8675K [0x0000000080000000, 0x0000000083580000, 0x00000000d5580000)
  object space 54784K, 15% used [0x0000000080000000,0x0000000080878d48,0x0000000083580000)
 Metaspace       used 22066K, capacity 23022K, committed 23168K, reserved 1069056K
  class space    used 3194K, capacity 3455K, committed 3456K, reserved 1048576K
}
Event: 9.218 GC heap before
{Heap before GC invocations=10 (full 1):
 PSYoungGen      total 42496K, used 34816K [0x00000000d5580000, 0x00000000da100000, 0x0000000100000000)
  eden space 32256K, 100% used [0x00000000d5580000,0x00000000d7500000,0x00000000d7500000)
  from space 10240K, 25% used [0x00000000d7f80000,0x00000000d82003d0,0x00000000d8980000)
  to   space 10752K, 0% used [0x00000000d7500000,0x00000000d7500000,0x00000000d7f80000)
 ParOldGen       total 54784K, used 8675K [0x0000000080000000, 0x0000000083580000, 0x00000000d5580000)
  object space 54784K, 15% used [0x0000000080000000,0x0000000080878d48,0x0000000083580000)
 Metaspace       used 25553K, capacity 26570K, committed 26752K, reserved 1073152K
  class space    used 3666K, capacity 3929K, committed 3968K, reserved 1048576K
Event: 9.221 GC heap after
Heap after GC invocations=10 (full 1):
 PSYoungGen      total 43008K, used 4700K [0x00000000d5580000, 0x00000000d9700000, 0x0000000100000000)
  eden space 32256K, 0% used [0x00000000d5580000,0x00000000d5580000,0x00000000d7500000)
  from space 10752K, 43% used [0x00000000d7500000,0x00000000d7997238,0x00000000d7f80000)
  to   space 10752K, 0% used [0x00000000d8c80000,0x00000000d8c80000,0x00000000d9700000)
 ParOldGen       total 54784K, used 8683K [0x0000000080000000, 0x0000000083580000, 0x00000000d5580000)
  object space 54784K, 15% used [0x0000000080000000,0x000000008087ad48,0x0000000083580000)
 Metaspace       used 25553K, capacity 26570K, committed 26752K, reserved 1073152K
  class space    used 3666K, capacity 3929K, committed 3968K, reserved 1048576K
}
Event: 10.171 GC heap before
{Heap before GC invocations=11 (full 1):
 PSYoungGen      total 43008K, used 36956K [0x00000000d5580000, 0x00000000d9700000, 0x0000000100000000)
  eden space 32256K, 100% used [0x00000000d5580000,0x00000000d7500000,0x00000000d7500000)
  from space 10752K, 43% used [0x00000000d7500000,0x00000000d7997238,0x00000000d7f80000)
  to   space 10752K, 0% used [0x00000000d8c80000,0x00000000d8c80000,0x00000000d9700000)
 ParOldGen       total 54784K, used 8683K [0x0000000080000000, 0x0000000083580000, 0x00000000d5580000)
  object space 54784K, 15% used [0x0000000080000000,0x000000008087ad48,0x0000000083580000)
 Metaspace       used 30569K, capacity 31632K, committed 31872K, reserved 1077248K
  class space    used 4189K, capacity 4471K, committed 4480K, reserved 1048576K
Event: 10.178 GC heap after
Heap after GC invocations=11 (full 1):
 PSYoungGen      total 55296K, used 5755K [0x00000000d5580000, 0x00000000d9600000, 0x0000000100000000)
  eden space 45568K, 0% used [0x00000000d5580000,0x00000000d5580000,0x00000000d8200000)
  from space 9728K, 59% used [0x00000000d8c80000,0x00000000d921ee78,0x00000000d9600000)
  to   space 10240K, 0% used [0x00000000d8200000,0x00000000d8200000,0x00000000d8c00000)
 ParOldGen       total 54784K, used 9407K [0x0000000080000000, 0x0000000083580000, 0x00000000d5580000)
  object space 54784K, 17% used [0x0000000080000000,0x000000008092fe78,0x0000000083580000)
 Metaspace       used 30569K, capacity 31632K, committed 31872K, reserved 1077248K
  class space    used 4189K, capacity 4471K, committed 4480K, reserved 1048576K
}
Event: 10.922 GC heap before
{Heap before GC invocations=12 (full 1):
 PSYoungGen      total 55296K, used 51323K [0x00000000d5580000, 0x00000000d9600000, 0x0000000100000000)
  eden space 45568K, 100% used [0x00000000d5580000,0x00000000d8200000,0x00000000d8200000)
  from space 9728K, 59% used [0x00000000d8c80000,0x00000000d921ee78,0x00000000d9600000)
  to   space 10240K, 0% used [0x00000000d8200000,0x00000000d8200000,0x00000000d8c00000)
 ParOldGen       total 54784K, used 9407K [0x0000000080000000, 0x0000000083580000, 0x00000000d5580000)
  object space 54784K, 17% used [0x0000000080000000,0x000000008092fe78,0x0000000083580000)
 Metaspace       used 33364K, capacity 34564K, committed 34816K, reserved 1079296K
  class space    used 4539K, capacity 4816K, committed 4864K, reserved 1048576K
Event: 10.930 GC heap after
Heap after GC invocations=12 (full 1):
 PSYoungGen      total 55808K, used 4044K [0x00000000d5580000, 0x00000000d9600000, 0x0000000100000000)
  eden space 45568K, 0% used [0x00000000d5580000,0x00000000d5580000,0x00000000d8200000)
  from space 10240K, 39% used [0x00000000d8200000,0x00000000d85f3168,0x00000000d8c00000)
  to   space 9728K, 0% used [0x00000000d8c80000,0x00000000d8c80000,0x00000000d9600000)
 ParOldGen       total 54784K, used 13122K [0x0000000080000000, 0x0000000083580000, 0x00000000d5580000)
  object space 54784K, 23% used [0x0000000080000000,0x0000000080cd0a58,0x0000000083580000)
 Metaspace       used 33364K, capacity 34564K, committed 34816K, reserved 1079296K
  class space    used 4539K, capacity 4816K, committed 4864K, reserved 1048576K
}

Deoptimization events (10 events):
Event: 9.781 Thread 0x000000001bebf000 Uncommon trap: reason=unstable_if action=reinterpret pc=0x00000000026cb70c method=java.lang.ClassLoader.getClassLoadingLock(Ljava/lang/String;)Ljava/lang/Object; @ 6
Event: 10.178 Thread 0x00000000193a0800 Uncommon trap: reason=unstable_if action=reinterpret pc=0x000000000265517c method=java.lang.ref.Reference.tryHandlePending(Z)Z @ 104
Event: 10.178 Thread 0x0000000002538000 Uncommon trap: reason=unstable_if action=reinterpret pc=0x0000000002b8ab64 method=java.lang.ref.Finalizer.remove()V @ 10
Event: 10.178 Thread 0x0000000002538000 Uncommon trap: reason=unstable_if action=reinterpret pc=0x0000000002b84da8 method=java.lang.ref.Finalizer.remove()V @ 10
Event: 10.406 Thread 0x000000001bebf000 Uncommon trap: reason=unstable_if action=reinterpret pc=0x00000000026f33a4 method=java.util.HashMap.getNode(ILjava/lang/Object;)Ljava/util/HashMap$Node; @ 53
Event: 10.406 Thread 0x000000001bebf000 Uncommon trap: reason=unstable_if action=reinterpret pc=0x0000000002e09638 method=java.util.HashMap.putVal(ILjava/lang/Object;Ljava/lang/Object;ZZ)Ljava/lang/Object; @ 85
Event: 10.411 Thread 0x000000001bebf000 Uncommon trap: reason=unstable_if action=reinterpret pc=0x0000000002dd1678 method=org.gradle.internal.reflect.PropertyAccessorType.isGetGetterName(Ljava/lang/String;)Z @ 14
Event: 10.443 Thread 0x000000001bebf000 Uncommon trap: reason=unstable_if action=reinterpret pc=0x0000000002bcf740 method=org.objectweb.asm.ByteVector.putShort(I)Lorg/objectweb/asm/ByteVector; @ 13
Event: 10.810 Thread 0x000000001bebf000 Uncommon trap: reason=unstable_if action=reinterpret pc=0x0000000002e69c38 method=org.codehaus.groovy.runtime.metaclass.MetaMethodIndex.addMethodToList(Ljava/lang/Object;Lgroovy/lang/MetaMethod;)Ljava/lang/Object; @ 226
Event: 10.943 Thread 0x000000001bebf000 Uncommon trap: reason=range_check action=make_not_entrant pc=0x0000000002e1abd0 method=java.lang.String.charAt(I)C @ 27

Classes redefined (0 events):
No events

Internal exceptions (10 events):
Event: 10.859 Thread 0x000000001bebf000 Exception <a 'java/lang/ClassNotFoundException': org/gradle/api/internal/DefaultDomainObjectCollectionCustomizer> (0x00000000d7c17db8) thrown at [C:\src\AOSP-openjdk-git\hotspot\src\share\vm\classfile\systemDictionary.cpp, line 210]
Event: 10.862 Thread 0x000000001bebf000 Exception <a 'java/lang/ClassNotFoundException': org/gradle/api/internal/DefaultNamedDomainObjectCollectionCustomizer> (0x00000000d7c786c8) thrown at [C:\src\AOSP-openjdk-git\hotspot\src\share\vm\classfile\systemDictionary.cpp, line 210]
Event: 10.869 Thread 0x000000001bebf000 Exception <a 'java/lang/ClassNotFoundException': org/gradle/api/internal/DefaultNamedDomainObjectListCustomizer> (0x00000000d7cefec8) thrown at [C:\src\AOSP-openjdk-git\hotspot\src\share\vm\classfile\systemDictionary.cpp, line 210]
Event: 10.873 Thread 0x000000001bebf000 Exception <a 'java/lang/ClassNotFoundException': org/gradle/api/internal/artifacts/DefaultArtifactRepositoryContainerCustomizer> (0x00000000d7d68720) thrown at [C:\src\AOSP-openjdk-git\hotspot\src\share\vm\classfile\systemDictionary.cpp, line 210]
Event: 10.875 Thread 0x000000001bebf000 Exception <a 'java/lang/ClassNotFoundException': org/gradle/api/internal/artifacts/dsl/DefaultRepositoryHandlerCustomizer> (0x00000000d7dd1b40) thrown at [C:\src\AOSP-openjdk-git\hotspot\src\share\vm\classfile\systemDictionary.cpp, line 210]
Event: 10.878 Thread 0x000000001bebf000 Exception <a 'java/lang/ClassNotFoundException': org/gradle/api/internal/artifacts/dsl/DefaultRepositoryHandler_DecoratedCustomizer> (0x00000000d7e596e8) thrown at [C:\src\AOSP-openjdk-git\hotspot\src\share\vm\classfile\systemDictionary.cpp, line 210]
Event: 11.084 Thread 0x000000001bebf000 Exception <a 'java/lang/ClassNotFoundException': org/gradle/api/internal/artifacts/dsl/dependencies/DefaultDependencyHandler_DecoratedBeanInfo> (0x00000000d60edfd0) thrown at [C:\src\AOSP-openjdk-git\hotspot\src\share\vm\classfile\systemDictionary.cpp, li
Event: 11.085 Thread 0x000000001bebf000 Exception <a 'java/lang/ClassNotFoundException': org/gradle/api/internal/artifacts/dsl/dependencies/DefaultDependencyHandlerBeanInfo> (0x00000000d614ace8) thrown at [C:\src\AOSP-openjdk-git\hotspot\src\share\vm\classfile\systemDictionary.cpp, line 210]
Event: 11.086 Thread 0x000000001bebf000 Exception <a 'java/lang/ClassNotFoundException': org/gradle/api/internal/artifacts/dsl/dependencies/DefaultDependencyHandlerCustomizer> (0x00000000d61a9020) thrown at [C:\src\AOSP-openjdk-git\hotspot\src\share\vm\classfile\systemDictionary.cpp, line 210]
Event: 11.089 Thread 0x000000001bebf000 Exception <a 'java/lang/ClassNotFoundException': org/gradle/api/internal/artifacts/dsl/dependencies/DefaultDependencyHandler_DecoratedCustomizer> (0x00000000d6238810) thrown at [C:\src\AOSP-openjdk-git\hotspot\src\share\vm\classfile\systemDictionary.cpp, 

Events (10 events):
Event: 11.096 loading class org/gradle/api/artifacts/MutableVersionConstraint
Event: 11.096 loading class org/gradle/api/artifacts/MutableVersionConstraint done
Event: 11.096 loading class org/gradle/api/internal/artifacts/dependencies/AbstractVersionConstraint
Event: 11.096 loading class org/gradle/api/internal/artifacts/dependencies/AbstractVersionConstraint done
Event: 11.097 loading class org/gradle/api/internal/artifacts/DefaultExcludeRuleContainer
Event: 11.097 loading class org/gradle/api/internal/artifacts/DefaultExcludeRuleContainer done
Event: 11.098 loading class org/gradle/api/artifacts/ExcludeRuleContainer
Event: 11.098 loading class org/gradle/api/artifacts/ExcludeRuleContainer done
Event: 11.098 loading class org/gradle/api/internal/artifacts/DependencyResolveContext
Event: 11.098 loading class org/gradle/api/internal/artifacts/DependencyResolveContext done


Dynamic libraries:
0x00007ff7f5120000 - 0x00007ff7f5151000 	C:\Program Files\Android\Android Studio\jre\bin\java.exe
0x00007ffe35310000 - 0x00007ffe35505000 	C:\WINDOWS\SYSTEM32\ntdll.dll
0x00007ffe34820000 - 0x00007ffe348dd000 	C:\WINDOWS\System32\KERNEL32.DLL
0x00007ffe32f90000 - 0x00007ffe33258000 	C:\WINDOWS\System32\KERNELBASE.dll
0x00007ffe34770000 - 0x00007ffe3481c000 	C:\WINDOWS\System32\ADVAPI32.dll
0x00007ffe34a30000 - 0x00007ffe34ace000 	C:\WINDOWS\System32\msvcrt.dll
0x00007ffe343d0000 - 0x00007ffe3446b000 	C:\WINDOWS\System32\sechost.dll
0x00007ffe34dd0000 - 0x00007ffe34efb000 	C:\WINDOWS\System32\RPCRT4.dll
0x00007ffe34f00000 - 0x00007ffe350a0000 	C:\WINDOWS\System32\USER32.dll
0x00007ffe32bb0000 - 0x00007ffe32bd2000 	C:\WINDOWS\System32\win32u.dll
0x00007ffe35150000 - 0x00007ffe3517a000 	C:\WINDOWS\System32\GDI32.dll
0x00007ffe33260000 - 0x00007ffe3336b000 	C:\WINDOWS\System32\gdi32full.dll
0x00007ffe32e40000 - 0x00007ffe32edd000 	C:\WINDOWS\System32\msvcp_win.dll
0x00007ffe32c90000 - 0x00007ffe32d90000 	C:\WINDOWS\System32\ucrtbase.dll
0x00007ffe250f0000 - 0x00007ffe2538a000 	C:\WINDOWS\WinSxS\amd64_microsoft.windows.common-controls_6595b64144ccf1df_6.0.19041.844_none_ca00b6081b84eb1d\COMCTL32.dll
0x00007ffe352a0000 - 0x00007ffe352d0000 	C:\WINDOWS\System32\IMM32.DLL
0x000000005bbd0000 - 0x000000005bca2000 	C:\Program Files\Android\Android Studio\jre\jre\bin\msvcr100.dll
0x000000005ac50000 - 0x000000005b49b000 	C:\Program Files\Android\Android Studio\jre\jre\bin\server\jvm.dll
0x00007ffe34c80000 - 0x00007ffe34c88000 	C:\WINDOWS\System32\PSAPI.DLL
0x00007ffe25ae0000 - 0x00007ffe25b07000 	C:\WINDOWS\SYSTEM32\WINMM.dll
0x00007ffe1c580000 - 0x00007ffe1c589000 	C:\WINDOWS\SYSTEM32\WSOCK32.dll
0x00007ffe34520000 - 0x00007ffe3458b000 	C:\WINDOWS\System32\WS2_32.dll
0x00007ffe2a7a0000 - 0x00007ffe2a7aa000 	C:\WINDOWS\SYSTEM32\VERSION.dll
0x00007ffe2c9a0000 - 0x00007ffe2c9af000 	C:\Program Files\Android\Android Studio\jre\jre\bin\verify.dll
0x00007ffe2b140000 - 0x00007ffe2b169000 	C:\Program Files\Android\Android Studio\jre\jre\bin\java.dll
0x00007ffe2acb0000 - 0x00007ffe2acc6000 	C:\Program Files\Android\Android Studio\jre\jre\bin\zip.dll
0x00007ffe337b0000 - 0x00007ffe33ef2000 	C:\WINDOWS\System32\SHELL32.dll
0x00007ffe30b60000 - 0x00007ffe312f0000 	C:\WINDOWS\SYSTEM32\windows.storage.dll
0x00007ffe33380000 - 0x00007ffe336d5000 	C:\WINDOWS\System32\combase.dll
0x00007ffe324c0000 - 0x00007ffe324ec000 	C:\WINDOWS\SYSTEM32\Wldp.dll
0x00007ffe350a0000 - 0x00007ffe3514e000 	C:\WINDOWS\System32\SHCORE.dll
0x00007ffe33f00000 - 0x00007ffe33f55000 	C:\WINDOWS\System32\shlwapi.dll
0x00007ffe32990000 - 0x00007ffe329af000 	C:\WINDOWS\SYSTEM32\profapi.dll
0x00007ffe2a1b0000 - 0x00007ffe2a1ca000 	C:\Program Files\Android\Android Studio\jre\jre\bin\net.dll
0x00007ffe32230000 - 0x00007ffe3229a000 	C:\WINDOWS\system32\mswsock.dll
0x00007ffe26c80000 - 0x00007ffe26c93000 	C:\Program Files\Android\Android Studio\jre\jre\bin\nio.dll
0x00007ffe259f0000 - 0x00007ffe25a17000 	C:\Users\User\.gradle\native\fdc75f09e3144964f2cf3f50f0aa648679c211496f362492102eb8c894070792\windows-amd64\native-platform.dll
0x00007ffdfb1d0000 - 0x00007ffdfb366000 	C:\Users\User\.gradle\native\12488b8bf47d2d4c9fbf2f6322a914ad602e24e48041cd04a747c6da556b65c4\windows-amd64\native-platform-file-events.dll
0x00007ffe2b4c0000 - 0x00007ffe2b4cd000 	C:\Program Files\Android\Android Studio\jre\jre\bin\management.dll
0x00007ffe32400000 - 0x00007ffe32418000 	C:\WINDOWS\SYSTEM32\CRYPTSP.dll
0x00007ffe31b60000 - 0x00007ffe31b94000 	C:\WINDOWS\system32\rsaenh.dll
0x00007ffe32ee0000 - 0x00007ffe32f07000 	C:\WINDOWS\System32\bcrypt.dll
0x00007ffe32910000 - 0x00007ffe3293e000 	C:\WINDOWS\SYSTEM32\USERENV.dll
0x00007ffe32f10000 - 0x00007ffe32f90000 	C:\WINDOWS\System32\bcryptprimitives.dll
0x00007ffe32420000 - 0x00007ffe3242c000 	C:\WINDOWS\SYSTEM32\CRYPTBASE.dll
0x00007ffe31ed0000 - 0x00007ffe31f0b000 	C:\WINDOWS\SYSTEM32\IPHLPAPI.DLL
0x00007ffe33370000 - 0x00007ffe33378000 	C:\WINDOWS\System32\NSI.dll
0x00007ffe2a980000 - 0x00007ffe2a997000 	C:\WINDOWS\SYSTEM32\dhcpcsvc6.DLL
0x00007ffe2b460000 - 0x00007ffe2b47d000 	C:\WINDOWS\SYSTEM32\dhcpcsvc.DLL
0x00007ffe31f10000 - 0x00007ffe31fdc000 	C:\WINDOWS\SYSTEM32\DNSAPI.dll
0x00007ffe2bab0000 - 0x00007ffe2babb000 	C:\WINDOWS\SYSTEM32\WINNSI.DLL

VM Arguments:
jvm_args: -Xmx2048m -Dfile.encoding=UTF-8 -Duser.country=US -Duser.language=en -Duser.variant 
java_command: org.gradle.launcher.daemon.bootstrap.GradleDaemon 6.7.1
java_class_path (initial): C:\Users\User\.gradle\wrapper\dists\gradle-6.7.1-all\2moa8rlfac5eqlcfgk98k0deb\gradle-6.7.1\lib\gradle-launcher-6.7.1.jar
Launcher Type: SUN_STANDARD

Environment Variables:
USERNAME=User
OS=Windows_NT
PROCESSOR_IDENTIFIER=Intel64 Family 6 Model 142 Stepping 10, GenuineIntel



---------------  S Y S T E M  ---------------

OS: Windows 10.0 , 64 bit Build 19041 (10.0.19041.928)

CPU:total 8 (initial active 8) (4 cores per cpu, 2 threads per core) family 6 model 142 stepping 10, cmov, cx8, fxsr, mmx, sse, sse2, sse3, ssse3, sse4.1, sse4.2, popcnt, avx, avx2, aes, clmul, erms, 3dnowpref, lzcnt, ht, tsc, tscinvbit, bmi1, bmi2, adx

Memory: 4k page, physical 8272432k(61384k free), swap 16661040k(4708k free)

vm_info: OpenJDK 64-Bit Server VM (25.242-b01) for windows-amd64 JRE (1.8.0_242-release-1644-b01), built by "builder" with MS VC++ 10.0 (VS2010)

time: Sat Jun 12 17:06:52 2021
timezone: SE Asia Standard Time
elapsed time: 11 seconds (0d 0h 0m 11s)

